#
# There is insufficient memory for the Java Runtime Environment to continue.
# Native memory allocation (malloc) failed to allocate 1417616 bytes for Chunk::new
# Possible reasons:
#   The system is out of physical RAM or swap space
#   The process is running with CompressedOops enabled, and the Java Heap may be blocking the growth of the native heap
# Possible solutions:
#   Reduce memory load on the system
#   Increase physical memory or swap space
#   Check if swap backing store is full
#   Decrease Java heap size (-Xmx/-Xms)
#   Decrease number of Java threads
#   Decrease Java thread stack sizes (-Xss)
#   Set larger code cache with -XX:ReservedCodeCacheSize=
#   JVM is running with Unscaled Compressed Oops mode in which the Java heap is
#     placed in the first 4GB address space. The Java Heap base address is the
#     maximum limit for the native heap growth. Please use -XX:HeapBaseMinAddress
#     to set the Java Heap base and to place the Java Heap above 4GB virtual address.
# This output file may be truncated or incomplete.
#
#  Out of Memory Error (arena.cpp:168), pid=10960, tid=6584
#
# JRE version: Java(TM) SE Runtime Environment (21.0.6+8) (build 21.0.6+8-LTS-188)
# Java VM: Java HotSpot(TM) 64-Bit Server VM (21.0.6+8-LTS-188, mixed mode, sharing, tiered, compressed oops, compressed class ptrs, g1 gc, windows-amd64)
# No core dump will be written. Minidumps are not enabled by default on client versions of Windows
#

---------------  S U M M A R Y ------------

Command Line: -javaagent:C:\Program Files\JetBrains\IntelliJ IDEA Community Edition 2024.3.3\lib\idea_rt.jar=60945 -Dfile.encoding=UTF-8 -Dsun.stdout.encoding=UTF-8 -Dsun.stderr.encoding=UTF-8 com.myecommerce.EcommerceApplication

Host: Intel(R) Core(TM) i3-8130U CPU @ 2.20GHz, 4 cores, 3G,  Windows 10 , 64 bit Build 19041 (10.0.19041.5438)
Time: Thu Mar 27 23:58:46 2025 Maroc elapsed time: 9.311047 seconds (0d 0h 0m 9s)

---------------  T H R E A D  ---------------

Current thread (0x000001adf8f65c40):  JavaThread "C2 CompilerThread0" daemon [_thread_in_native, id=6584, stack(0x000000646fc00000,0x000000646fd00000) (1024K)]


Current CompileTask:
C2:   9311 4443   !   4       jdk.internal.loader.BuiltinClassLoader::findClassOnClassPathOrNull (64 bytes)

Stack: [0x000000646fc00000,0x000000646fd00000]
Native frames: (J=compiled Java code, j=interpreted, Vv=VM code, C=native code)
V  [jvm.dll+0x6ca6d9]
V  [jvm.dll+0x854f51]
V  [jvm.dll+0x85747e]
V  [jvm.dll+0x857b53]
V  [jvm.dll+0x27dcc6]
V  [jvm.dll+0xc4c2d]
V  [jvm.dll+0xc5163]
V  [jvm.dll+0x3b5122]
V  [jvm.dll+0x1df633]
V  [jvm.dll+0x246a72]
V  [jvm.dll+0x245eff]
V  [jvm.dll+0x1c6d2e]
V  [jvm.dll+0x2554f9]
V  [jvm.dll+0x253a8a]
V  [jvm.dll+0x3ee576]
V  [jvm.dll+0x7ff2fb]
V  [jvm.dll+0x6c8dbd]
C  [ucrtbase.dll+0x21bb2]
C  [KERNEL32.DLL+0x17374]
C  [ntdll.dll+0x4cc91]


---------------  P R O C E S S  ---------------

Threads class SMR info:
_java_thread_list=0x000001add015ad90, length=16, elements={
0x000001aded2b7cd0, 0x000001adf8f53570, 0x000001adf8f53f80, 0x000001adf8f57ec0,
0x000001adf8f587a0, 0x000001adf8f58fb0, 0x000001adf8f5fbf0, 0x000001adf8f65c40,
0x000001adf8f70660, 0x000001adf918b210, 0x000001adf94a7210, 0x000001adf94a7870,
0x000001adff759780, 0x000001adff3a3a40, 0x000001adff7e9fa0, 0x000001adff7ea600
}

Java Threads: ( => current thread )
  0x000001aded2b7cd0 JavaThread "main"                              [_thread_in_vm, id=12092, stack(0x000000646ee00000,0x000000646ef00000) (1024K)]
  0x000001adf8f53570 JavaThread "Reference Handler"          daemon [_thread_blocked, id=11484, stack(0x000000646f600000,0x000000646f700000) (1024K)]
  0x000001adf8f53f80 JavaThread "Finalizer"                  daemon [_thread_blocked, id=12600, stack(0x000000646f700000,0x000000646f800000) (1024K)]
  0x000001adf8f57ec0 JavaThread "Signal Dispatcher"          daemon [_thread_blocked, id=14040, stack(0x000000646f800000,0x000000646f900000) (1024K)]
  0x000001adf8f587a0 JavaThread "Attach Listener"            daemon [_thread_blocked, id=13624, stack(0x000000646f900000,0x000000646fa00000) (1024K)]
  0x000001adf8f58fb0 JavaThread "Service Thread"             daemon [_thread_blocked, id=10496, stack(0x000000646fa00000,0x000000646fb00000) (1024K)]
  0x000001adf8f5fbf0 JavaThread "Monitor Deflation Thread"   daemon [_thread_blocked, id=1488, stack(0x000000646fb00000,0x000000646fc00000) (1024K)]
=>0x000001adf8f65c40 JavaThread "C2 CompilerThread0"         daemon [_thread_in_native, id=6584, stack(0x000000646fc00000,0x000000646fd00000) (1024K)]
  0x000001adf8f70660 JavaThread "C1 CompilerThread0"         daemon [_thread_blocked, id=12512, stack(0x000000646fd00000,0x000000646fe00000) (1024K)]
  0x000001adf918b210 JavaThread "Common-Cleaner"             daemon [_thread_blocked, id=9088, stack(0x000000646fe00000,0x000000646ff00000) (1024K)]
  0x000001adf94a7210 JavaThread "Monitor Ctrl-Break"         daemon [_thread_in_native, id=3024, stack(0x000000646ff00000,0x0000006470000000) (1024K)]
  0x000001adf94a7870 JavaThread "Notification Thread"        daemon [_thread_blocked, id=13464, stack(0x0000006470000000,0x0000006470100000) (1024K)]
  0x000001adff759780 JavaThread "Catalina-utility-1"                [_thread_blocked, id=9772, stack(0x0000006470400000,0x0000006470500000) (1024K)]
  0x000001adff3a3a40 JavaThread "Catalina-utility-2"                [_thread_blocked, id=13436, stack(0x0000006470500000,0x0000006470600000) (1024K)]
  0x000001adff7e9fa0 JavaThread "container-0"                       [_thread_blocked, id=13424, stack(0x0000006470600000,0x0000006470700000) (1024K)]
  0x000001adff7ea600 JavaThread "mysql-cj-abandoned-connection-cleanup" daemon [_thread_blocked, id=10792, stack(0x0000006470700000,0x0000006470800000) (1024K)]
Total: 16

Other Threads:
  0x000001aded37bcf0 VMThread "VM Thread"                           [id=816, stack(0x000000646f500000,0x000000646f600000) (1024K)]
  0x000001aded36d9f0 WatcherThread "VM Periodic Task Thread"        [id=13460, stack(0x000000646f400000,0x000000646f500000) (1024K)]
  0x000001aded2f0e80 WorkerThread "GC Thread#0"                     [id=3664, stack(0x000000646ef00000,0x000000646f000000) (1024K)]
  0x000001adf9773fe0 WorkerThread "GC Thread#1"                     [id=11764, stack(0x0000006470100000,0x0000006470200000) (1024K)]
  0x000001adf94123b0 WorkerThread "GC Thread#2"                     [id=1108, stack(0x0000006470200000,0x0000006470300000) (1024K)]
  0x000001adf9412750 WorkerThread "GC Thread#3"                     [id=4220, stack(0x0000006470300000,0x0000006470400000) (1024K)]
  0x000001aded2fac70 ConcurrentGCThread "G1 Main Marker"            [id=1544, stack(0x000000646f000000,0x000000646f100000) (1024K)]
  0x000001aded2fbe20 WorkerThread "G1 Conc#0"                       [id=8656, stack(0x000000646f100000,0x000000646f200000) (1024K)]
  0x000001aded3581c0 ConcurrentGCThread "G1 Refine#0"               [id=5300, stack(0x000000646f200000,0x000000646f300000) (1024K)]
  0x000001aded35a860 ConcurrentGCThread "G1 Service"                [id=4512, stack(0x000000646f300000,0x000000646f400000) (1024K)]
Total: 10

Threads with active compile tasks:
C2 CompilerThread0     9365 4443   !   4       jdk.internal.loader.BuiltinClassLoader::findClassOnClassPathOrNull (64 bytes)
Total: 1

VM state: not at safepoint (normal execution)

VM Mutex/Monitor currently owned by a thread: None

Heap address: 0x00000000c1600000, size: 1002 MB, Compressed Oops mode: 32-bit

CDS archive(s) mapped at: [0x000001ad8f000000-0x000001ad8fc90000-0x000001ad8fc90000), size 13172736, SharedBaseAddress: 0x000001ad8f000000, ArchiveRelocationMode: 1.
Compressed class space mapped at: 0x000001ad90000000-0x000001add0000000, reserved size: 1073741824
Narrow klass base: 0x000001ad8f000000, Narrow klass shift: 0, Narrow klass range: 0x100000000

GC Precious Log:
 CardTable entry size: 512
 Card Set container configuration: InlinePtr #cards 5 size 8 Array Of Cards #cards 12 size 40 Howl #buckets 4 coarsen threshold 1843 Howl Bitmap #cards 512 size 80 coarsen threshold 460 Card regions per heap region 1 cards per card region 2048
 CPUs: 4 total, 4 available
 Memory: 4001M
 Large Page Support: Disabled
 NUMA Support: Disabled
 Compressed Oops: Enabled (32-bit)
 Heap Region Size: 1M
 Heap Min Capacity: 8M
 Heap Initial Capacity: 64M
 Heap Max Capacity: 1002M
 Pre-touch: Disabled
 Parallel Workers: 4
 Concurrent Workers: 1
 Concurrent Refinement Workers: 4
 Periodic GC: Disabled

Heap:
 garbage-first heap   total 55296K, used 40908K [0x00000000c1600000, 0x0000000100000000)
  region size 1024K, 23 young (23552K), 2 survivors (2048K)
 Metaspace       used 40435K, committed 40960K, reserved 1114112K
  class space    used 5282K, committed 5504K, reserved 1048576K

Heap Regions: E=young(eden), S=young(survivor), O=old, HS=humongous(starts), HC=humongous(continues), CS=collection set, F=free, TAMS=top-at-mark-start, PB=parsable bottom
|   0|0x00000000c1600000, 0x00000000c1700000, 0x00000000c1700000|100%|HS|  |TAMS 0x00000000c1600000| PB 0x00000000c1600000| Complete 
|   1|0x00000000c1700000, 0x00000000c1800000, 0x00000000c1800000|100%|HS|  |TAMS 0x00000000c1700000| PB 0x00000000c1700000| Complete 
|   2|0x00000000c1800000, 0x00000000c1900000, 0x00000000c1900000|100%| O|  |TAMS 0x00000000c1800000| PB 0x00000000c1800000| Untracked 
|   3|0x00000000c1900000, 0x00000000c1a00000, 0x00000000c1a00000|100%| O|  |TAMS 0x00000000c1900000| PB 0x00000000c1900000| Untracked 
|   4|0x00000000c1a00000, 0x00000000c1b00000, 0x00000000c1b00000|100%| O|  |TAMS 0x00000000c1a00000| PB 0x00000000c1a00000| Untracked 
|   5|0x00000000c1b00000, 0x00000000c1c00000, 0x00000000c1c00000|100%| O|  |TAMS 0x00000000c1b00000| PB 0x00000000c1b00000| Untracked 
|   6|0x00000000c1c00000, 0x00000000c1d00000, 0x00000000c1d00000|100%| O|  |TAMS 0x00000000c1c00000| PB 0x00000000c1c00000| Untracked 
|   7|0x00000000c1d00000, 0x00000000c1e00000, 0x00000000c1e00000|100%| O|  |TAMS 0x00000000c1d00000| PB 0x00000000c1d00000| Untracked 
|   8|0x00000000c1e00000, 0x00000000c1f00000, 0x00000000c1f00000|100%| O|  |TAMS 0x00000000c1e00000| PB 0x00000000c1e00000| Untracked 
|   9|0x00000000c1f00000, 0x00000000c2000000, 0x00000000c2000000|100%| O|  |TAMS 0x00000000c1f00000| PB 0x00000000c1f00000| Untracked 
|  10|0x00000000c2000000, 0x00000000c2100000, 0x00000000c2100000|100%| O|  |TAMS 0x00000000c2000000| PB 0x00000000c2000000| Untracked 
|  11|0x00000000c2100000, 0x00000000c2200000, 0x00000000c2200000|100%| O|  |TAMS 0x00000000c2100000| PB 0x00000000c2100000| Untracked 
|  12|0x00000000c2200000, 0x00000000c2300000, 0x00000000c2300000|100%| O|  |TAMS 0x00000000c2200000| PB 0x00000000c2200000| Untracked 
|  13|0x00000000c2300000, 0x00000000c2400000, 0x00000000c2400000|100%| O|  |TAMS 0x00000000c2300000| PB 0x00000000c2300000| Untracked 
|  14|0x00000000c2400000, 0x00000000c2500000, 0x00000000c2500000|100%| O|  |TAMS 0x00000000c2400000| PB 0x00000000c2400000| Untracked 
|  15|0x00000000c2500000, 0x00000000c2600000, 0x00000000c2600000|100%| O|  |TAMS 0x00000000c2500000| PB 0x00000000c2500000| Untracked 
|  16|0x00000000c2600000, 0x00000000c2700000, 0x00000000c2700000|100%| O|  |TAMS 0x00000000c2600000| PB 0x00000000c2600000| Untracked 
|  17|0x00000000c2700000, 0x00000000c2800000, 0x00000000c2800000|100%| O|  |TAMS 0x00000000c2700000| PB 0x00000000c2700000| Untracked 
|  18|0x00000000c2800000, 0x00000000c2900000, 0x00000000c2900000|100%| O|  |TAMS 0x00000000c2800000| PB 0x00000000c2800000| Untracked 
|  19|0x00000000c2900000, 0x00000000c29b0550, 0x00000000c2a00000| 68%| O|  |TAMS 0x00000000c2900000| PB 0x00000000c2900000| Untracked 
|  20|0x00000000c2a00000, 0x00000000c2a00000, 0x00000000c2b00000|  0%| F|  |TAMS 0x00000000c2a00000| PB 0x00000000c2a00000| Untracked 
|  21|0x00000000c2b00000, 0x00000000c2b00000, 0x00000000c2c00000|  0%| F|  |TAMS 0x00000000c2b00000| PB 0x00000000c2b00000| Untracked 
|  22|0x00000000c2c00000, 0x00000000c2c00000, 0x00000000c2d00000|  0%| F|  |TAMS 0x00000000c2c00000| PB 0x00000000c2c00000| Untracked 
|  23|0x00000000c2d00000, 0x00000000c2d00000, 0x00000000c2e00000|  0%| F|  |TAMS 0x00000000c2d00000| PB 0x00000000c2d00000| Untracked 
|  24|0x00000000c2e00000, 0x00000000c2e00000, 0x00000000c2f00000|  0%| F|  |TAMS 0x00000000c2e00000| PB 0x00000000c2e00000| Untracked 
|  25|0x00000000c2f00000, 0x00000000c2f00000, 0x00000000c3000000|  0%| F|  |TAMS 0x00000000c2f00000| PB 0x00000000c2f00000| Untracked 
|  26|0x00000000c3000000, 0x00000000c3000000, 0x00000000c3100000|  0%| F|  |TAMS 0x00000000c3000000| PB 0x00000000c3000000| Untracked 
|  27|0x00000000c3100000, 0x00000000c3100000, 0x00000000c3200000|  0%| F|  |TAMS 0x00000000c3100000| PB 0x00000000c3100000| Untracked 
|  28|0x00000000c3200000, 0x00000000c3200000, 0x00000000c3300000|  0%| F|  |TAMS 0x00000000c3200000| PB 0x00000000c3200000| Untracked 
|  29|0x00000000c3300000, 0x00000000c3300000, 0x00000000c3400000|  0%| F|  |TAMS 0x00000000c3300000| PB 0x00000000c3300000| Untracked 
|  30|0x00000000c3400000, 0x00000000c3400000, 0x00000000c3500000|  0%| F|  |TAMS 0x00000000c3400000| PB 0x00000000c3400000| Untracked 
|  31|0x00000000c3500000, 0x00000000c35ff438, 0x00000000c3600000| 99%| E|  |TAMS 0x00000000c3500000| PB 0x00000000c3500000| Complete 
|  32|0x00000000c3600000, 0x00000000c3700000, 0x00000000c3700000|100%| E|CS|TAMS 0x00000000c3600000| PB 0x00000000c3600000| Complete 
|  33|0x00000000c3700000, 0x00000000c3800000, 0x00000000c3800000|100%| E|CS|TAMS 0x00000000c3700000| PB 0x00000000c3700000| Complete 
|  34|0x00000000c3800000, 0x00000000c3900000, 0x00000000c3900000|100%| E|CS|TAMS 0x00000000c3800000| PB 0x00000000c3800000| Complete 
|  35|0x00000000c3900000, 0x00000000c3942da0, 0x00000000c3a00000| 26%| S|CS|TAMS 0x00000000c3900000| PB 0x00000000c3900000| Complete 
|  36|0x00000000c3a00000, 0x00000000c3b00000, 0x00000000c3b00000|100%| S|CS|TAMS 0x00000000c3a00000| PB 0x00000000c3a00000| Complete 
|  37|0x00000000c3b00000, 0x00000000c3c00000, 0x00000000c3c00000|100%| E|CS|TAMS 0x00000000c3b00000| PB 0x00000000c3b00000| Complete 
|  38|0x00000000c3c00000, 0x00000000c3d00000, 0x00000000c3d00000|100%| E|CS|TAMS 0x00000000c3c00000| PB 0x00000000c3c00000| Complete 
|  39|0x00000000c3d00000, 0x00000000c3e00000, 0x00000000c3e00000|100%| E|CS|TAMS 0x00000000c3d00000| PB 0x00000000c3d00000| Complete 
|  40|0x00000000c3e00000, 0x00000000c3f00000, 0x00000000c3f00000|100%| E|CS|TAMS 0x00000000c3e00000| PB 0x00000000c3e00000| Complete 
|  41|0x00000000c3f00000, 0x00000000c4000000, 0x00000000c4000000|100%| E|CS|TAMS 0x00000000c3f00000| PB 0x00000000c3f00000| Complete 
|  42|0x00000000c4000000, 0x00000000c4100000, 0x00000000c4100000|100%| E|CS|TAMS 0x00000000c4000000| PB 0x00000000c4000000| Complete 
|  43|0x00000000c4100000, 0x00000000c4200000, 0x00000000c4200000|100%| E|CS|TAMS 0x00000000c4100000| PB 0x00000000c4100000| Complete 
|  44|0x00000000c4200000, 0x00000000c4300000, 0x00000000c4300000|100%| E|CS|TAMS 0x00000000c4200000| PB 0x00000000c4200000| Complete 
|  45|0x00000000c4300000, 0x00000000c4400000, 0x00000000c4400000|100%| E|CS|TAMS 0x00000000c4300000| PB 0x00000000c4300000| Complete 
|  46|0x00000000c4400000, 0x00000000c4500000, 0x00000000c4500000|100%| E|CS|TAMS 0x00000000c4400000| PB 0x00000000c4400000| Complete 
|  47|0x00000000c4500000, 0x00000000c4600000, 0x00000000c4600000|100%| E|CS|TAMS 0x00000000c4500000| PB 0x00000000c4500000| Complete 
|  48|0x00000000c4600000, 0x00000000c4700000, 0x00000000c4700000|100%| E|CS|TAMS 0x00000000c4600000| PB 0x00000000c4600000| Complete 
|  49|0x00000000c4700000, 0x00000000c4800000, 0x00000000c4800000|100%| E|CS|TAMS 0x00000000c4700000| PB 0x00000000c4700000| Complete 
|  50|0x00000000c4800000, 0x00000000c4900000, 0x00000000c4900000|100%| E|CS|TAMS 0x00000000c4800000| PB 0x00000000c4800000| Complete 
|  51|0x00000000c4900000, 0x00000000c4a00000, 0x00000000c4a00000|100%| E|CS|TAMS 0x00000000c4900000| PB 0x00000000c4900000| Complete 
|  52|0x00000000c4a00000, 0x00000000c4b00000, 0x00000000c4b00000|100%| E|CS|TAMS 0x00000000c4a00000| PB 0x00000000c4a00000| Complete 
|  54|0x00000000c4c00000, 0x00000000c4d00000, 0x00000000c4d00000|100%| E|  |TAMS 0x00000000c4c00000| PB 0x00000000c4c00000| Complete 

Card table byte_map: [0x000001adf5940000,0x000001adf5b40000] _byte_map_base: 0x000001adf5335000

Marking Bits: (CMBitMap*) 0x000001aded2f24a0
 Bits: [0x000001adf5b40000, 0x000001adf6ae8000)

Polling page: 0x000001adeca80000

Metaspace:

Usage:
  Non-class:     34.35 MB used.
      Class:      5.16 MB used.
       Both:     39.51 MB used.

Virtual space:
  Non-class space:       64.00 MB reserved,      34.62 MB ( 54%) committed,  1 nodes.
      Class space:        1.00 GB reserved,       5.38 MB ( <1%) committed,  1 nodes.
             Both:        1.06 GB reserved,      40.00 MB (  4%) committed. 

Chunk freelists:
   Non-Class:  12.64 MB
       Class:  10.50 MB
        Both:  23.14 MB

MaxMetaspaceSize: unlimited
CompressedClassSpaceSize: 1.00 GB
Initial GC threshold: 21.00 MB
Current GC threshold: 58.88 MB
CDS: on
 - commit_granule_bytes: 65536.
 - commit_granule_words: 8192.
 - virtual_space_node_default_size: 8388608.
 - enlarge_chunks_in_place: 1.
 - use_allocation_guard: 0.


Internal statistics:

num_allocs_failed_limit: 6.
num_arena_births: 712.
num_arena_deaths: 0.
num_vsnodes_births: 2.
num_vsnodes_deaths: 0.
num_space_committed: 640.
num_space_uncommitted: 0.
num_chunks_returned_to_freelist: 6.
num_chunks_taken_from_freelist: 2129.
num_chunk_merges: 6.
num_chunk_splits: 1489.
num_chunks_enlarged: 1106.
num_inconsistent_stats: 0.

CodeHeap 'non-profiled nmethods': size=120000Kb used=1928Kb max_used=2004Kb free=118072Kb
 bounds [0x000001ad87ad0000, 0x000001ad87d40000, 0x000001ad8f000000]
CodeHeap 'profiled nmethods': size=120000Kb used=8238Kb max_used=9029Kb free=111761Kb
 bounds [0x000001ad80000000, 0x000001ad808e0000, 0x000001ad87530000]
CodeHeap 'non-nmethods': size=5760Kb used=1504Kb max_used=1550Kb free=4255Kb
 bounds [0x000001ad87530000, 0x000001ad877a0000, 0x000001ad87ad0000]
 total_blobs=4667 nmethods=4087 adapters=483
 compilation: enabled
              stopped_count=0, restarted_count=0
 full_count=0

Compilation events (20 events):
Event: 9.179 Thread 0x000001adf8f70660 4463       3       java.lang.invoke.LambdaFormBuffer::<init> (89 bytes)
Event: 9.180 Thread 0x000001adf8f70660 nmethod 4463 0x000001ad801fa710 code [0x000001ad801fa8e0, 0x000001ad801facc0]
Event: 9.190 Thread 0x000001adf8f70660 4465       3       java.lang.reflect.ProxyGenerator$ProxyMethod::<init> (44 bytes)
Event: 9.190 Thread 0x000001adf8f70660 nmethod 4465 0x000001ad8045f990 code [0x000001ad8045fb60, 0x000001ad8045ff60]
Event: 9.224 Thread 0x000001adf8f70660 4468       3       net.bytebuddy.matcher.ElementMatcher$Junction$AbstractBase::<init> (5 bytes)
Event: 9.224 Thread 0x000001adf8f70660 nmethod 4468 0x000001ad80023c90 code [0x000001ad80023e40, 0x000001ad80023fa8]
Event: 9.234 Thread 0x000001adf8f70660 4470   !   2       java.util.AbstractList$Itr::next (46 bytes)
Event: 9.235 Thread 0x000001adf8f70660 nmethod 4470 0x000001ad8003bb90 code [0x000001ad8003bd80, 0x000001ad8003c178]
Event: 9.235 Thread 0x000001adf8f70660 4471       2       java.util.AbstractList$Itr::checkForComodification (23 bytes)
Event: 9.235 Thread 0x000001adf8f70660 nmethod 4471 0x000001ad80022e90 code [0x000001ad80023040, 0x000001ad80023220]
Event: 9.235 Thread 0x000001adf8f70660 4472       2       java.util.Arrays$ArrayList::get (7 bytes)
Event: 9.235 Thread 0x000001adf8f70660 nmethod 4472 0x000001ad80075690 code [0x000001ad80075820, 0x000001ad80075950]
Event: 9.274 Thread 0x000001adf8f70660 4473       2       java.lang.reflect.ProxyGenerator::addProxyMethod (33 bytes)
Event: 9.274 Thread 0x000001adf8f70660 nmethod 4473 0x000001ad8006cd90 code [0x000001ad8006cf60, 0x000001ad8006d140]
Event: 9.274 Thread 0x000001adf8f70660 4474       2       java.lang.reflect.ProxyGenerator$$Lambda/0x000001ad90064d00::apply (8 bytes)
Event: 9.275 Thread 0x000001adf8f70660 nmethod 4474 0x000001ad801ac110 code [0x000001ad801ac2c0, 0x000001ad801ac488]
Event: 9.275 Thread 0x000001adf8f70660 4475       2       java.lang.reflect.ProxyGenerator::lambda$addProxyMethod$1 (9 bytes)
Event: 9.275 Thread 0x000001adf8f70660 nmethod 4475 0x000001ad8002d690 code [0x000001ad8002d840, 0x000001ad8002d9b0]
Event: 9.286 Thread 0x000001adf8f70660 4476       2       net.bytebuddy.description.ModifierReviewable$AbstractBase::<init> (5 bytes)
Event: 9.286 Thread 0x000001adf8f70660 nmethod 4476 0x000001ad8016d910 code [0x000001ad8016daa0, 0x000001ad8016dba8]

GC Heap History (16 events):
Event: 0.833 GC heap before
{Heap before GC invocations=0 (full 0):
 garbage-first heap   total 65536K, used 15360K [0x00000000c1600000, 0x0000000100000000)
  region size 1024K, 13 young (13312K), 0 survivors (0K)
 Metaspace       used 2764K, committed 2944K, reserved 1114112K
  class space    used 264K, committed 320K, reserved 1048576K
}
Event: 0.850 GC heap after
{Heap after GC invocations=1 (full 0):
 garbage-first heap   total 65536K, used 7936K [0x00000000c1600000, 0x0000000100000000)
  region size 1024K, 2 young (2048K), 2 survivors (2048K)
 Metaspace       used 2764K, committed 2944K, reserved 1114112K
  class space    used 264K, committed 320K, reserved 1048576K
}
Event: 1.648 GC heap before
{Heap before GC invocations=1 (full 0):
 garbage-first heap   total 65536K, used 19200K [0x00000000c1600000, 0x0000000100000000)
  region size 1024K, 13 young (13312K), 2 survivors (2048K)
 Metaspace       used 6369K, committed 6592K, reserved 1114112K
  class space    used 735K, committed 832K, reserved 1048576K
}
Event: 1.654 GC heap after
{Heap after GC invocations=2 (full 0):
 garbage-first heap   total 65536K, used 9047K [0x00000000c1600000, 0x0000000100000000)
  region size 1024K, 1 young (1024K), 1 survivors (1024K)
 Metaspace       used 6369K, committed 6592K, reserved 1114112K
  class space    used 735K, committed 832K, reserved 1048576K
}
Event: 2.626 GC heap before
{Heap before GC invocations=2 (full 0):
 garbage-first heap   total 65536K, used 35671K [0x00000000c1600000, 0x0000000100000000)
  region size 1024K, 28 young (28672K), 1 survivors (1024K)
 Metaspace       used 13792K, committed 14080K, reserved 1114112K
  class space    used 1659K, committed 1792K, reserved 1048576K
}
Event: 2.633 GC heap after
{Heap after GC invocations=3 (full 0):
 garbage-first heap   total 65536K, used 11477K [0x00000000c1600000, 0x0000000100000000)
  region size 1024K, 4 young (4096K), 4 survivors (4096K)
 Metaspace       used 13792K, committed 14080K, reserved 1114112K
  class space    used 1659K, committed 1792K, reserved 1048576K
}
Event: 4.105 GC heap before
{Heap before GC invocations=3 (full 0):
 garbage-first heap   total 65536K, used 45269K [0x00000000c1600000, 0x0000000100000000)
  region size 1024K, 38 young (38912K), 4 survivors (4096K)
 Metaspace       used 19818K, committed 20160K, reserved 1114112K
  class space    used 2350K, committed 2496K, reserved 1048576K
}
Event: 4.117 GC heap after
{Heap after GC invocations=4 (full 0):
 garbage-first heap   total 65536K, used 15141K [0x00000000c1600000, 0x0000000100000000)
  region size 1024K, 5 young (5120K), 5 survivors (5120K)
 Metaspace       used 19818K, committed 20160K, reserved 1114112K
  class space    used 2350K, committed 2496K, reserved 1048576K
}
Event: 4.444 GC heap before
{Heap before GC invocations=4 (full 0):
 garbage-first heap   total 65536K, used 23333K [0x00000000c1600000, 0x0000000100000000)
  region size 1024K, 14 young (14336K), 5 survivors (5120K)
 Metaspace       used 21169K, committed 21504K, reserved 1114112K
  class space    used 2585K, committed 2688K, reserved 1048576K
}
Event: 4.456 GC heap after
{Heap after GC invocations=5 (full 0):
 garbage-first heap   total 65536K, used 15938K [0x00000000c1600000, 0x0000000100000000)
  region size 1024K, 1 young (1024K), 1 survivors (1024K)
 Metaspace       used 21169K, committed 21504K, reserved 1114112K
  class space    used 2585K, committed 2688K, reserved 1048576K
}
Event: 5.684 GC heap before
{Heap before GC invocations=6 (full 0):
 garbage-first heap   total 55296K, used 47682K [0x00000000c1600000, 0x0000000100000000)
  region size 1024K, 32 young (32768K), 1 survivors (1024K)
 Metaspace       used 26591K, committed 27008K, reserved 1114112K
  class space    used 3370K, committed 3584K, reserved 1048576K
}
Event: 5.693 GC heap after
{Heap after GC invocations=7 (full 0):
 garbage-first heap   total 55296K, used 18432K [0x00000000c1600000, 0x0000000100000000)
  region size 1024K, 4 young (4096K), 4 survivors (4096K)
 Metaspace       used 26591K, committed 27008K, reserved 1114112K
  class space    used 3370K, committed 3584K, reserved 1048576K
}
Event: 7.594 GC heap before
{Heap before GC invocations=7 (full 0):
 garbage-first heap   total 55296K, used 43008K [0x00000000c1600000, 0x0000000100000000)
  region size 1024K, 29 young (29696K), 4 survivors (4096K)
 Metaspace       used 32776K, committed 33216K, reserved 1114112K
  class space    used 4143K, committed 4352K, reserved 1048576K
}
Event: 7.608 GC heap after
{Heap after GC invocations=8 (full 0):
 garbage-first heap   total 55296K, used 20480K [0x00000000c1600000, 0x0000000100000000)
  region size 1024K, 3 young (3072K), 3 survivors (3072K)
 Metaspace       used 32776K, committed 33216K, reserved 1114112K
  class space    used 4143K, committed 4352K, reserved 1048576K
}
Event: 8.383 GC heap before
{Heap before GC invocations=8 (full 0):
 garbage-first heap   total 55296K, used 35840K [0x00000000c1600000, 0x0000000100000000)
  region size 1024K, 20 young (20480K), 3 survivors (3072K)
 Metaspace       used 35472K, committed 35968K, reserved 1114112K
  class space    used 4474K, committed 4736K, reserved 1048576K
}
Event: 8.390 GC heap after
{Heap after GC invocations=9 (full 0):
 garbage-first heap   total 55296K, used 21452K [0x00000000c1600000, 0x0000000100000000)
  region size 1024K, 2 young (2048K), 2 survivors (2048K)
 Metaspace       used 35472K, committed 35968K, reserved 1114112K
  class space    used 4474K, committed 4736K, reserved 1048576K
}

Dll operation events (13 events):
Event: 0.013 Loaded shared library C:\Program Files\Java\jdk-21\bin\java.dll
Event: 0.056 Loaded shared library C:\Program Files\Java\jdk-21\bin\jsvml.dll
Event: 0.217 Loaded shared library C:\Program Files\Java\jdk-21\bin\zip.dll
Event: 0.232 Loaded shared library C:\Program Files\Java\jdk-21\bin\instrument.dll
Event: 0.241 Loaded shared library C:\Program Files\Java\jdk-21\bin\net.dll
Event: 0.243 Loaded shared library C:\Program Files\Java\jdk-21\bin\nio.dll
Event: 0.248 Loaded shared library C:\Program Files\Java\jdk-21\bin\zip.dll
Event: 0.451 Loaded shared library C:\Program Files\Java\jdk-21\bin\extnet.dll
Event: 0.519 Loaded shared library C:\Program Files\Java\jdk-21\bin\jimage.dll
Event: 3.291 Loaded shared library C:\Program Files\Java\jdk-21\bin\sunmscapi.dll
Event: 7.684 Loaded shared library C:\Program Files\Java\jdk-21\bin\management.dll
Event: 7.688 Loaded shared library C:\Program Files\Java\jdk-21\bin\management_ext.dll
Event: 9.181 Loaded shared library C:\Program Files\Java\jdk-21\bin\verify.dll

Deoptimization events (20 events):
Event: 8.137 Thread 0x000001aded2b7cd0 DEOPT PACKING pc=0x000001ad807e351c sp=0x000000646eefc310
Event: 8.137 Thread 0x000001aded2b7cd0 DEOPT UNPACKING pc=0x000001ad87584e42 sp=0x000000646eefb7e8 mode 0
Event: 8.145 Thread 0x000001aded2b7cd0 DEOPT PACKING pc=0x000001ad807e351c sp=0x000000646eefc310
Event: 8.145 Thread 0x000001aded2b7cd0 DEOPT UNPACKING pc=0x000001ad87584e42 sp=0x000000646eefb7e8 mode 0
Event: 8.154 Thread 0x000001aded2b7cd0 DEOPT PACKING pc=0x000001ad807e351c sp=0x000000646eefc310
Event: 8.155 Thread 0x000001aded2b7cd0 DEOPT UNPACKING pc=0x000001ad87584e42 sp=0x000000646eefb7e8 mode 0
Event: 8.178 Thread 0x000001aded2b7cd0 DEOPT PACKING pc=0x000001ad807e351c sp=0x000000646eefc310
Event: 8.178 Thread 0x000001aded2b7cd0 DEOPT UNPACKING pc=0x000001ad87584e42 sp=0x000000646eefb7e8 mode 0
Event: 9.091 Thread 0x000001aded2b7cd0 DEOPT PACKING pc=0x000001ad808970a7 sp=0x000000646eefdb90
Event: 9.092 Thread 0x000001aded2b7cd0 DEOPT UNPACKING pc=0x000001ad87584e42 sp=0x000000646eefd000 mode 0
Event: 9.092 Thread 0x000001aded2b7cd0 DEOPT PACKING pc=0x000001ad808970a7 sp=0x000000646eefdb90
Event: 9.092 Thread 0x000001aded2b7cd0 DEOPT UNPACKING pc=0x000001ad87584e42 sp=0x000000646eefd000 mode 0
Event: 9.095 Thread 0x000001aded2b7cd0 Uncommon trap: trap_request=0xffffff54 fr.pc=0x000001ad87beb754 relative=0x0000000000001314
Event: 9.095 Thread 0x000001aded2b7cd0 Uncommon trap: reason=speculate_null_assert action=make_not_entrant pc=0x000001ad87beb754 method=java.util.jar.JarFile.getVersionedEntry(Ljava/lang/String;Ljava/util/jar/JarEntry;)Ljava/util/jar/JarEntry; @ 115 c2
Event: 9.095 Thread 0x000001aded2b7cd0 DEOPT PACKING pc=0x000001ad87beb754 sp=0x000000646eef9780
Event: 9.095 Thread 0x000001aded2b7cd0 DEOPT UNPACKING pc=0x000001ad875846a2 sp=0x000000646eef9778 mode 2
Event: 9.095 Thread 0x000001aded2b7cd0 Uncommon trap: trap_request=0xffffff45 fr.pc=0x000001ad87b94d30 relative=0x0000000000000c70
Event: 9.095 Thread 0x000001aded2b7cd0 Uncommon trap: reason=unstable_if action=reinterpret pc=0x000001ad87b94d30 method=java.util.jar.JarFile.getEntry(Ljava/lang/String;)Ljava/util/zip/ZipEntry; @ 15 c2
Event: 9.095 Thread 0x000001aded2b7cd0 DEOPT PACKING pc=0x000001ad87b94d30 sp=0x000000646eef9840
Event: 9.095 Thread 0x000001aded2b7cd0 DEOPT UNPACKING pc=0x000001ad875846a2 sp=0x000000646eef9838 mode 2

Classes loaded (20 events):
Event: 8.338 Loading class java/lang/instrument/ClassFileTransformer
Event: 8.338 Loading class java/lang/instrument/ClassFileTransformer done
Event: 9.074 Loading class javax/xml/stream/XMLStreamException
Event: 9.074 Loading class javax/xml/stream/XMLStreamException done
Event: 9.075 Loading class javax/xml/stream/XMLEventReader
Event: 9.075 Loading class javax/xml/stream/XMLEventReader done
Event: 9.075 Loading class javax/xml/stream/XMLResolver
Event: 9.075 Loading class javax/xml/stream/XMLResolver done
Event: 9.082 Loading class javax/xml/stream/XMLEventFactory
Event: 9.082 Loading class javax/xml/stream/XMLEventFactory done
Event: 9.082 Loading class javax/xml/stream/FactoryFinder
Event: 9.082 Loading class javax/xml/stream/FactoryFinder done
Event: 9.083 Loading class javax/xml/stream/FactoryFinder$1
Event: 9.083 Loading class javax/xml/stream/FactoryFinder$1 done
Event: 9.084 Loading class com/sun/xml/internal/stream/events/XMLEventFactoryImpl
Event: 9.084 Loading class com/sun/xml/internal/stream/events/XMLEventFactoryImpl done
Event: 9.122 Loading class java/lang/Process
Event: 9.122 Loading class java/lang/Process done
Event: 9.142 Loading class java/lang/reflect/GenericSignatureFormatError
Event: 9.142 Loading class java/lang/reflect/GenericSignatureFormatError done

Classes unloaded (0 events):
No events

Classes redefined (0 events):
No events

Internal exceptions (20 events):
Event: 6.311 Thread 0x000001aded2b7cd0 Exception <a 'java/lang/IncompatibleClassChangeError'{0x00000000c3ec2e60}: Found class java.lang.Object, but interface was expected> (0x00000000c3ec2e60) 
thrown [s\open\src\hotspot\share\interpreter\linkResolver.cpp, line 840]
Event: 6.312 Thread 0x000001aded2b7cd0 Exception <a 'java/lang/NoSuchMethodError'{0x00000000c3ed0f18}: 'int java.lang.invoke.DirectMethodHandle$Holder.invokeSpecialIFC(java.lang.Object, java.lang.Object, java.lang.Object)'> (0x00000000c3ed0f18) 
thrown [s\open\src\hotspot\share\interpreter\linkResolver.cpp, line 773]
Event: 6.314 Thread 0x000001aded2b7cd0 Exception <a 'java/lang/NoSuchMethodError'{0x00000000c3ee5d80}: 'void java.lang.invoke.DirectMethodHandle$Holder.invokeStatic(java.lang.Object, int, java.lang.Object)'> (0x00000000c3ee5d80) 
thrown [s\open\src\hotspot\share\interpreter\linkResolver.cpp, line 773]
Event: 6.342 Thread 0x000001aded2b7cd0 Exception <a 'java/lang/NoSuchMethodError'{0x00000000c3d7d880}: 'void java.lang.invoke.DirectMethodHandle$Holder.invokeStatic(java.lang.Object, java.lang.Object, java.lang.Object, int, java.lang.Object)'> (0x00000000c3d7d880) 
thrown [s\open\src\hotspot\share\interpreter\linkResolver.cpp, line 773]
Event: 6.343 Thread 0x000001aded2b7cd0 Exception <a 'java/lang/NoSuchMethodError'{0x00000000c3d844c0}: 'java.lang.Object java.lang.invoke.DirectMethodHandle$Holder.newInvokeSpecial(java.lang.Object, java.lang.Object, java.lang.Object, int)'> (0x00000000c3d844c0) 
thrown [s\open\src\hotspot\share\interpreter\linkResolver.cpp, line 773]
Event: 6.343 Thread 0x000001aded2b7cd0 Exception <a 'java/lang/NoSuchMethodError'{0x00000000c3d882c0}: 'java.lang.Object java.lang.invoke.DirectMethodHandle$Holder.invokeSpecial(java.lang.Object, java.lang.Object, java.lang.Object, java.lang.Object, int)'> (0x00000000c3d882c0) 
thrown [s\open\src\hotspot\share\interpreter\linkResolver.cpp, line 773]
Event: 6.343 Thread 0x000001aded2b7cd0 Exception <a 'java/lang/NoSuchMethodError'{0x00000000c3d8b758}: 'java.lang.Object java.lang.invoke.Invokers$Holder.linkToTargetMethod(java.lang.Object, java.lang.Object, int, java.lang.Object)'> (0x00000000c3d8b758) 
thrown [s\open\src\hotspot\share\interpreter\linkResolver.cpp, line 773]
Event: 6.411 Thread 0x000001aded2b7cd0 Exception <a 'java/lang/NoSuchMethodError'{0x00000000c3a38908}: 'java.lang.Object java.lang.invoke.DirectMethodHandle$Holder.invokeVirtual(java.lang.Object, java.lang.Object, java.lang.Object, java.lang.Object, java.lang.Object)'> (0x00000000c3a38908) 
thrown [s\open\src\hotspot\share\interpreter\linkResolver.cpp, line 773]
Event: 6.477 Thread 0x000001aded2b7cd0 Exception <a 'java/lang/NoSuchMethodError'{0x00000000c38c23f0}: 'java.lang.Object java.lang.invoke.DirectMethodHandle$Holder.invokeStaticInit(java.lang.Object, int, int, int, int)'> (0x00000000c38c23f0) 
thrown [s\open\src\hotspot\share\interpreter\linkResolver.cpp, line 773]
Event: 6.507 Thread 0x000001aded2b7cd0 Exception <a 'java/lang/NoSuchMethodError'{0x00000000c377f248}: 'java.lang.Object java.lang.invoke.DirectMethodHandle$Holder.invokeStaticInit(java.lang.Object, java.lang.Object, int, int, int, int)'> (0x00000000c377f248) 
thrown [s\open\src\hotspot\share\interpreter\linkResolver.cpp, line 773]
Event: 6.582 Thread 0x000001aded2b7cd0 Exception <a 'java/lang/NoSuchMethodError'{0x00000000c368fe90}: 'int java.lang.invoke.DirectMethodHandle$Holder.invokeStatic(java.lang.Object, int, java.lang.Object)'> (0x00000000c368fe90) 
thrown [s\open\src\hotspot\share\interpreter\linkResolver.cpp, line 773]
Event: 6.599 Thread 0x000001aded2b7cd0 Exception <a 'sun/nio/fs/WindowsException'{0x00000000c369a6f0}> (0x00000000c369a6f0) 
thrown [s\open\src\hotspot\share\prims\jni.cpp, line 520]
Event: 7.372 Thread 0x000001aded2b7cd0 Exception <a 'java/lang/NoSuchMethodError'{0x00000000c3558198}: 'java.lang.Object java.lang.invoke.DirectMethodHandle$Holder.newInvokeSpecial(java.lang.Object, java.lang.Object, java.lang.Object, java.lang.Object, java.lang.Object, int, java.lang.Object)'> (0x00000000c3558198) 
thrown [s\open\src\hotspot\share\interpreter\linkResolver.cpp, line 773]
Event: 7.628 Thread 0x000001aded2b7cd0 Exception <a 'java/lang/NoSuchMethodError'{0x00000000c4c44700}: 'int java.lang.invoke.DirectMethodHandle$Holder.invokeVirtual(java.lang.Object, java.lang.Object, java.lang.Object, java.lang.Object)'> (0x00000000c4c44700) 
thrown [s\open\src\hotspot\share\interpreter\linkResolver.cpp, line 773]
Event: 7.629 Thread 0x000001aded2b7cd0 Exception <a 'java/lang/NoSuchMethodError'{0x00000000c4c48178}: 'int java.lang.invoke.DelegatingMethodHandle$Holder.reinvoke_L(java.lang.Object, java.lang.Object, java.lang.Object, java.lang.Object)'> (0x00000000c4c48178) 
thrown [s\open\src\hotspot\share\interpreter\linkResolver.cpp, line 773]
Event: 7.750 Thread 0x000001aded2b7cd0 Exception <a 'java/io/FileNotFoundException'{0x00000000c4a82140}> (0x00000000c4a82140) 
thrown [s\open\src\hotspot\share\prims\jni.cpp, line 520]
Event: 7.944 Thread 0x000001aded2b7cd0 Exception <a 'java/lang/NoSuchMethodError'{0x00000000c48fbb88}: 'int java.lang.invoke.DirectMethodHandle$Holder.invokeInterface(java.lang.Object, java.lang.Object, java.lang.Object, java.lang.Object)'> (0x00000000c48fbb88) 
thrown [s\open\src\hotspot\share\interpreter\linkResolver.cpp, line 773]
Event: 8.047 Thread 0x000001aded2b7cd0 Exception <a 'java/lang/NoSuchMethodError'{0x00000000c45e7508}: 'long java.lang.invoke.DirectMethodHandle$Holder.invokeVirtual(java.lang.Object, java.lang.Object)'> (0x00000000c45e7508) 
thrown [s\open\src\hotspot\share\interpreter\linkResolver.cpp, line 773]
Event: 8.240 Thread 0x000001aded2b7cd0 Exception <a 'java/lang/NoSuchMethodError'{0x00000000c3fba8c8}: 'java.lang.Object java.lang.invoke.DirectMethodHandle$Holder.newInvokeSpecial(java.lang.Object, java.lang.Object, java.lang.Object, java.lang.Object, java.lang.Object, java.lang.Object, java.lang.Object, java.lang.Object, java.lang.Object, java.lang.Object, java.lang.Object)'> (0x00000000c3fba8c8) 
thrown [s\open\src\hotspot\share\interpreter\linkResolver.cpp, line 773]
Event: 8.423 Thread 0x000001aded2b7cd0 Exception <a 'java/lang/NoSuchMethodError'{0x00000000c4c15e98}: 'void java.lang.invoke.DelegatingMethodHandle$Holder.reinvoke_L(java.lang.Object, java.lang.Object, java.lang.Object, java.lang.Object, int, java.lang.Object, java.lang.Object, java.lang.Object)'> (0x00000000c4c15e98) 
thrown [s\open\src\hotspot\share\interpreter\linkResolver.cpp, line 773]

ZGC Phase Switch (0 events):
No events

VM Operations (20 events):
Event: 7.594 Executing VM operation: G1CollectForAllocation (G1 Evacuation Pause)
Event: 7.609 Executing VM operation: G1CollectForAllocation (G1 Evacuation Pause) done
Event: 7.696 Executing VM operation: HandshakeAllThreads (Deoptimize)
Event: 7.696 Executing VM operation: HandshakeAllThreads (Deoptimize) done
Event: 8.006 Executing VM operation: HandshakeAllThreads (Deoptimize)
Event: 8.006 Executing VM operation: HandshakeAllThreads (Deoptimize) done
Event: 8.007 Executing VM operation: HandshakeAllThreads (Deoptimize)
Event: 8.007 Executing VM operation: HandshakeAllThreads (Deoptimize) done
Event: 8.058 Executing VM operation: HandshakeAllThreads (Deoptimize)
Event: 8.058 Executing VM operation: HandshakeAllThreads (Deoptimize) done
Event: 8.228 Executing VM operation: HandshakeAllThreads (Deoptimize)
Event: 8.228 Executing VM operation: HandshakeAllThreads (Deoptimize) done
Event: 8.383 Executing VM operation: CollectForMetadataAllocation (Metadata GC Threshold)
Event: 8.396 Executing VM operation: CollectForMetadataAllocation (Metadata GC Threshold) done
Event: 8.429 Executing VM operation: G1PauseRemark
Event: 8.433 Executing VM operation: G1PauseRemark done
Event: 8.446 Executing VM operation: G1PauseCleanup
Event: 8.446 Executing VM operation: G1PauseCleanup done
Event: 8.546 Executing VM operation: HandshakeAllThreads (Deoptimize)
Event: 8.546 Executing VM operation: HandshakeAllThreads (Deoptimize) done

Events (20 events):
Event: 8.432 Thread 0x000001aded37bcf0 flushing nmethod 0x000001ad80212c90
Event: 8.432 Thread 0x000001aded37bcf0 flushing nmethod 0x000001ad80213010
Event: 8.432 Thread 0x000001aded37bcf0 flushing nmethod 0x000001ad8027c790
Event: 8.432 Thread 0x000001aded37bcf0 flushing nmethod 0x000001ad802b0490
Event: 8.432 Thread 0x000001aded37bcf0 flushing nmethod 0x000001ad802f0690
Event: 8.432 Thread 0x000001aded37bcf0 flushing nmethod 0x000001ad802f1590
Event: 8.432 Thread 0x000001aded37bcf0 flushing nmethod 0x000001ad8030b410
Event: 8.432 Thread 0x000001aded37bcf0 flushing nmethod 0x000001ad80325690
Event: 8.432 Thread 0x000001aded37bcf0 flushing nmethod 0x000001ad80325b10
Event: 8.432 Thread 0x000001aded37bcf0 flushing nmethod 0x000001ad80326f10
Event: 8.432 Thread 0x000001aded37bcf0 flushing nmethod 0x000001ad80377e90
Event: 8.432 Thread 0x000001aded37bcf0 flushing nmethod 0x000001ad8038dc90
Event: 8.432 Thread 0x000001aded37bcf0 flushing nmethod 0x000001ad803c2090
Event: 8.432 Thread 0x000001aded37bcf0 flushing nmethod 0x000001ad803c2510
Event: 8.432 Thread 0x000001aded37bcf0 flushing nmethod 0x000001ad803c2e10
Event: 8.432 Thread 0x000001aded37bcf0 flushing nmethod 0x000001ad803c3e10
Event: 8.432 Thread 0x000001aded37bcf0 flushing nmethod 0x000001ad803c5e10
Event: 8.432 Thread 0x000001aded37bcf0 flushing nmethod 0x000001ad80428f10
Event: 8.432 Thread 0x000001aded37bcf0 flushing nmethod 0x000001ad8049ee90
Event: 8.432 Thread 0x000001aded37bcf0 flushing nmethod 0x000001ad8057ce10


Dynamic libraries:
0x00007ff7dc010000 - 0x00007ff7dc020000 	C:\Program Files\Java\jdk-21\bin\java.exe
0x00007ffa56070000 - 0x00007ffa56268000 	C:\Windows\SYSTEM32\ntdll.dll
0x00007ffa54b10000 - 0x00007ffa54bd2000 	C:\Windows\System32\KERNEL32.DLL
0x00007ffa53cc0000 - 0x00007ffa53fbf000 	C:\Windows\System32\KERNELBASE.dll
0x00007ffa53740000 - 0x00007ffa53840000 	C:\Windows\System32\ucrtbase.dll
0x00007ffa4b670000 - 0x00007ffa4b68b000 	C:\Program Files\Java\jdk-21\bin\VCRUNTIME140.dll
0x00007ffa4b690000 - 0x00007ffa4b6a9000 	C:\Program Files\Java\jdk-21\bin\jli.dll
0x00007ffa55880000 - 0x00007ffa5592f000 	C:\Windows\System32\ADVAPI32.dll
0x00007ffa55c70000 - 0x00007ffa55d0e000 	C:\Windows\System32\msvcrt.dll
0x00007ffa54be0000 - 0x00007ffa54c7f000 	C:\Windows\System32\sechost.dll
0x00007ffa55930000 - 0x00007ffa55a53000 	C:\Windows\System32\RPCRT4.dll
0x00007ffa53710000 - 0x00007ffa53737000 	C:\Windows\System32\bcrypt.dll
0x00007ffa54ce0000 - 0x00007ffa54e7d000 	C:\Windows\System32\USER32.dll
0x00007ffa54060000 - 0x00007ffa54082000 	C:\Windows\System32\win32u.dll
0x00007ffa54090000 - 0x00007ffa540bb000 	C:\Windows\System32\GDI32.dll
0x00007ffa53a60000 - 0x00007ffa53b7a000 	C:\Windows\System32\gdi32full.dll
0x00007ffa53fc0000 - 0x00007ffa5405d000 	C:\Windows\System32\msvcp_win.dll
0x00007ffa408f0000 - 0x00007ffa40b8a000 	C:\Windows\WinSxS\amd64_microsoft.windows.common-controls_6595b64144ccf1df_6.0.19041.4355_none_60b8b9eb71f62e16\COMCTL32.dll
0x00007ffa4bec0000 - 0x00007ffa4beca000 	C:\Windows\SYSTEM32\VERSION.dll
0x00007ffa540c0000 - 0x00007ffa540ef000 	C:\Windows\System32\IMM32.DLL
0x00007ffa4aad0000 - 0x00007ffa4aadc000 	C:\Program Files\Java\jdk-21\bin\vcruntime140_1.dll
0x00007ffa27de0000 - 0x00007ffa27e6e000 	C:\Program Files\Java\jdk-21\bin\msvcp140.dll
0x00007ffa13d10000 - 0x00007ffa14a2a000 	C:\Program Files\Java\jdk-21\bin\server\jvm.dll
0x00007ffa54f70000 - 0x00007ffa54fdb000 	C:\Windows\System32\WS2_32.dll
0x00007ffa534c0000 - 0x00007ffa5350b000 	C:\Windows\SYSTEM32\POWRPROF.dll
0x00007ffa40030000 - 0x00007ffa40057000 	C:\Windows\SYSTEM32\WINMM.dll
0x00007ffa534a0000 - 0x00007ffa534b2000 	C:\Windows\SYSTEM32\UMPDC.dll
0x00007ffa51f30000 - 0x00007ffa51f42000 	C:\Windows\SYSTEM32\kernel.appcore.dll
0x00007ffa41d80000 - 0x00007ffa41d8a000 	C:\Program Files\Java\jdk-21\bin\jimage.dll
0x00007ffa51490000 - 0x00007ffa51674000 	C:\Windows\SYSTEM32\DBGHELP.DLL
0x00007ffa330b0000 - 0x00007ffa330e4000 	C:\Windows\SYSTEM32\dbgcore.DLL
0x00007ffa53c30000 - 0x00007ffa53cb2000 	C:\Windows\System32\bcryptPrimitives.dll
0x00007ffa4aae0000 - 0x00007ffa4aaef000 	C:\Program Files\Java\jdk-21\bin\instrument.dll
0x00007ffa39e30000 - 0x00007ffa39e4f000 	C:\Program Files\Java\jdk-21\bin\java.dll
0x00007ffa550f0000 - 0x00007ffa5585d000 	C:\Windows\System32\SHELL32.dll
0x00007ffa51770000 - 0x00007ffa51f14000 	C:\Windows\SYSTEM32\windows.storage.dll
0x00007ffa54270000 - 0x00007ffa545c5000 	C:\Windows\System32\combase.dll
0x00007ffa53070000 - 0x00007ffa5309b000 	C:\Windows\SYSTEM32\Wldp.dll
0x00007ffa55ba0000 - 0x00007ffa55c6d000 	C:\Windows\System32\OLEAUT32.dll
0x00007ffa545d0000 - 0x00007ffa5467d000 	C:\Windows\System32\SHCORE.dll
0x00007ffa55fd0000 - 0x00007ffa56025000 	C:\Windows\System32\shlwapi.dll
0x00007ffa53640000 - 0x00007ffa53665000 	C:\Windows\SYSTEM32\profapi.dll
0x00007ffa24860000 - 0x00007ffa24937000 	C:\Program Files\Java\jdk-21\bin\jsvml.dll
0x00007ffa2fec0000 - 0x00007ffa2fed8000 	C:\Program Files\Java\jdk-21\bin\zip.dll
0x00007ffa417b0000 - 0x00007ffa417c0000 	C:\Program Files\Java\jdk-21\bin\net.dll
0x00007ffa46d10000 - 0x00007ffa46e1a000 	C:\Windows\SYSTEM32\WINHTTP.dll
0x00007ffa52dd0000 - 0x00007ffa52e3c000 	C:\Windows\system32\mswsock.dll
0x00007ffa381d0000 - 0x00007ffa381e6000 	C:\Program Files\Java\jdk-21\bin\nio.dll
0x00007ffa41740000 - 0x00007ffa41749000 	C:\Program Files\Java\jdk-21\bin\extnet.dll
0x00007ffa40f90000 - 0x00007ffa40f9e000 	C:\Program Files\Java\jdk-21\bin\sunmscapi.dll
0x00007ffa53890000 - 0x00007ffa539ec000 	C:\Windows\System32\CRYPT32.dll
0x00007ffa530e0000 - 0x00007ffa53107000 	C:\Windows\SYSTEM32\ncrypt.dll
0x00007ffa530a0000 - 0x00007ffa530db000 	C:\Windows\SYSTEM32\NTASN1.dll
0x00007ffa52fd0000 - 0x00007ffa52fe8000 	C:\Windows\SYSTEM32\CRYPTSP.dll
0x00007ffa526f0000 - 0x00007ffa52728000 	C:\Windows\system32\rsaenh.dll
0x00007ffa535c0000 - 0x00007ffa535ee000 	C:\Windows\SYSTEM32\USERENV.dll
0x00007ffa52fc0000 - 0x00007ffa52fcc000 	C:\Windows\SYSTEM32\CRYPTBASE.dll
0x00007ffa52ab0000 - 0x00007ffa52aeb000 	C:\Windows\SYSTEM32\IPHLPAPI.DLL
0x00007ffa54b00000 - 0x00007ffa54b08000 	C:\Windows\System32\NSI.dll
0x00007ffa41c90000 - 0x00007ffa41c9a000 	C:\Program Files\Java\jdk-21\bin\management.dll
0x00007ffa41c60000 - 0x00007ffa41c6b000 	C:\Program Files\Java\jdk-21\bin\management_ext.dll
0x00007ffa55a60000 - 0x00007ffa55a68000 	C:\Windows\System32\PSAPI.DLL
0x00007ffa40020000 - 0x00007ffa40030000 	C:\Program Files\Java\jdk-21\bin\verify.dll

dbghelp: loaded successfully - version: 4.0.5 - missing functions: none
symbol engine: initialized successfully - sym options: 0x614 - pdb path: .;C:\Program Files\Java\jdk-21\bin;C:\Windows\SYSTEM32;C:\Windows\WinSxS\amd64_microsoft.windows.common-controls_6595b64144ccf1df_6.0.19041.4355_none_60b8b9eb71f62e16;C:\Program Files\Java\jdk-21\bin\server

VM Arguments:
jvm_args: -javaagent:C:\Program Files\JetBrains\IntelliJ IDEA Community Edition 2024.3.3\lib\idea_rt.jar=60945 -Dfile.encoding=UTF-8 -Dsun.stdout.encoding=UTF-8 -Dsun.stderr.encoding=UTF-8 
java_command: com.myecommerce.EcommerceApplication
java_class_path (initial): C:\Users\hp\Documents\JAVA\ecommerce\target\classes;C:\Users\hp\.m2\repository\org\springframework\boot\spring-boot-starter-integration\3.4.4\spring-boot-starter-integration-3.4.4.jar;C:\Users\hp\.m2\repository\org\springframework\boot\spring-boot-starter\3.4.4\spring-boot-starter-3.4.4.jar;C:\Users\hp\.m2\repository\org\springframework\boot\spring-boot\3.4.4\spring-boot-3.4.4.jar;C:\Users\hp\.m2\repository\org\springframework\boot\spring-boot-autoconfigure\3.4.4\spring-boot-autoconfigure-3.4.4.jar;C:\Users\hp\.m2\repository\org\springframework\boot\spring-boot-starter-logging\3.4.4\spring-boot-starter-logging-3.4.4.jar;C:\Users\hp\.m2\repository\ch\qos\logback\logback-classic\1.5.18\logback-classic-1.5.18.jar;C:\Users\hp\.m2\repository\ch\qos\logback\logback-core\1.5.18\logback-core-1.5.18.jar;C:\Users\hp\.m2\repository\org\apache\logging\log4j\log4j-to-slf4j\2.24.3\log4j-to-slf4j-2.24.3.jar;C:\Users\hp\.m2\repository\org\apache\logging\log4j\log4j-api\2.24.3\log4j-api-2.24.3.jar;C:\Users\hp\.m2\repository\org\slf4j\jul-to-slf4j\2.0.17\jul-to-slf4j-2.0.17.jar;C:\Users\hp\.m2\repository\jakarta\annotation\jakarta.annotation-api\2.1.1\jakarta.annotation-api-2.1.1.jar;C:\Users\hp\.m2\repository\org\yaml\snakeyaml\2.3\snakeyaml-2.3.jar;C:\Users\hp\.m2\repository\org\springframework\integration\spring-integration-core\6.4.3\spring-integration-core-6.4.3.jar;C:\Users\hp\.m2\repository\org\springframework\spring-tx\6.2.5\spring-tx-6.2.5.jar;C:\Users\hp\.m2\repository\org\springframework\retry\spring-retry\2.0.11\spring-retry-2.0.11.jar;C:\Users\hp\.m2\repository\io\projectreactor\reactor-core\3.7.4\reactor-core-3.7.4.jar;C:\Users\hp\.m2\repository\org\reactivestreams\reactive-streams\1.0.4\reactive-streams-1.0.4.jar;C:\Users\hp\.m2\repository\io\micrometer\micrometer-observation\1.14.5\micrometer-observation-1.14.5.jar;C:\Users\hp\.m2\repository\io\micrometer\micrometer-commons\1.14.5\micrometer-commons-1.14.5.jar;C:\Users\hp\.m2\repository\org\springframework\boot\spring-boot-starter-mail\3.4.4\spring-boot-starter-mail-3.4.4.jar;C:\Users\hp\.m2\repository\org\springframework\spring-context-support\6.2.5\spring-context-support-6.2.5.jar;C:\Users\hp\.m2\repository\org\eclipse\angus\jakarta.mail\2.0.3\jakarta.mail-2.0.3.jar;C:\Users\hp\.m2\repository\jakarta\activation\jakarta.activation-api\2.1.3\jakarta.activation-api-2.1.3.jar;C:\Users\hp\.m2\repository\org\eclipse\angus\angus-activation\2.0.2\angus-activation-2.0.2.jar;C:\Users\hp\.m2\repository\org\springframework\boot\spring-boot-starter-oauth2-resource-server\3.4.4\spring-boot-starter-oauth2-resource-server-3.4.4.jar;C:\Users\hp\.m2\repository\org\springframework\security\spring-security-config\6.4.4\spring-security-config-6.4.4.jar;C:\Users\hp\.m2\repository\org\springframework\security\spring-security-core\6.4.4\spring-security-core-6.4.4.jar;C:\Users\hp\.m2\repository\org\springframework\security\spring-security-crypto\6.4.4\spring-security-crypto-6.4.4.jar;C:\Users\hp\.m2\repository\org\springframework\security\spring-security-oauth2-resource-server\6.4.4\spring-security-oauth2-resource-server-6.4.4.jar;C:\Users\hp\.m2\repository\org\springframework\security\spring-security-oauth2-core\6.4.4\spring-security-oauth2-core-6.4.4.jar;C:\Users\hp\.m2\repository\org\springframework\security\spring-security-oauth2-jose\6.4.4\spring-security-oauth2-jose-6.4.4.jar;C:\Users\hp\.m2\repository\com\nimbusds\nimbus-jose-jwt\9.37.3\nimbus-jose-jwt-9.37.3.jar;C:\Users\hp\.m2\repository\com\github\stephenc\jcip\jcip-annotations\1.0-1\jcip-annotations-1.0-1.jar;C:\Users\hp\.m2\repository\org\springframework\boot\spring-boot-starter-security\3.4.4\spring-boot-starter-security-3.4.4.jar;C:\Users\hp\.m2\repository\org\springframework\spring-aop\6.2.5\spring-aop-6.2.5.jar;C:\Users\hp\.m2\repository\org\springframework\security\spring-security-web\6.4.4\spring-security-web-6.4.4.jar;C:\Users\hp\.m2\repository\org\springframework\boot\spring-boot-starter-thymeleaf\3.4.4\spring-boot-starter-thymeleaf-3.4.4.jar;C:\Users\hp\.m2\repository\org\thymeleaf\thymeleaf-spring6\3.1.3.RELEASE\thymeleaf-spring6-3.1.3.RELEASE.jar;C:\Users\hp\.m2\repository\org\thymeleaf\thymeleaf\3.1.3.RELEASE\thymeleaf-3.1.3.RELEASE.jar;C:\Users\hp\.m2\repository\org\attoparser\attoparser\2.0.7.RELEASE\attoparser-2.0.7.RELEASE.jar;C:\Users\hp\.m2\repository\org\unbescape\unbescape\1.1.6.RELEASE\unbescape-1.1.6.RELEASE.jar;C:\Users\hp\.m2\repository\org\springframework\boot\spring-boot-starter-web\3.4.4\spring-boot-starter-web-3.4.4.jar;C:\Users\hp\.m2\repository\org\springframework\boot\spring-boot-starter-json\3.4.4\spring-boot-starter-json-3.4.4.jar;C:\Users\hp\.m2\repository\com\fasterxml\jackson\datatype\jackson-datatype-jdk8\2.18.3\jackson-datatype-jdk8-2.18.3.jar;C:\Users\hp\.m2\repository\com\fasterxml\jackson\datatype\jackson-datatype-jsr310\2.18.3\jackson-datatype-jsr310-2.18.3.jar;C:\Users\hp\.m2\repository\com\fasterxml\jackson\module\jackson-module-parameter-names\2.18.3\jackson-module-parameter-names-2.18.3.jar;C:\Users\hp\.m2\repository\org\springframework\boot\spring-boot-starter-tomcat\3.4.4\spring-boot-starter-tomcat-3.4.4.jar;C:\Users\hp\.m2\repository\org\apache\tomcat\embed\tomcat-embed-core\10.1.39\tomcat-embed-core-10.1.39.jar;C:\Users\hp\.m2\repository\org\apache\tomcat\embed\tomcat-embed-el\10.1.39\tomcat-embed-el-10.1.39.jar;C:\Users\hp\.m2\repository\org\apache\tomcat\embed\tomcat-embed-websocket\10.1.39\tomcat-embed-websocket-10.1.39.jar;C:\Users\hp\.m2\repository\org\springframework\spring-web\6.2.5\spring-web-6.2.5.jar;C:\Users\hp\.m2\repository\org\springframework\spring-webmvc\6.2.5\spring-webmvc-6.2.5.jar;C:\Users\hp\.m2\repository\com\fasterxml\jackson\core\jackson-databind\2.18.3\jackson-databind-2.18.3.jar;C:\Users\hp\.m2\repository\com\fasterxml\jackson\core\jackson-annotations\2.18.3\jackson-annotations-2.18.3.jar;C:\Users\hp\.m2\repository\com\fasterxml\jackson\core\jackson-core\2.18.3\jackson-core-2.18.3.jar;C:\Users\hp\.m2\repository\org\springframework\boot\spring-boot-starter-data-jpa\3.4.4\spring-boot-starter-data-jpa-3.4.4.jar;C:\Users\hp\.m2\repository\org\springframework\boot\spring-boot-starter-jdbc\3.4.4\spring-boot-starter-jdbc-3.4.4.jar;C:\Users\hp\.m2\repository\com\zaxxer\HikariCP\5.1.0\HikariCP-5.1.0.jar;C:\Users\hp\.m2\repository\org\springframework\spring-jdbc\6.2.5\spring-jdbc-6.2.5.jar;C:\Users\hp\.m2\repository\org\hibernate\orm\hibernate-core\6.6.11.Final\hibernate-core-6.6.11.Final.jar;C:\Users\hp\.m2\repository\jakarta\persistence\jakarta.persistence-api\3.1.0\jakarta.persistence-api-3.1.0.jar;C:\Users\hp\.m2\repository\jakarta\transaction\jakarta.transaction-api\2.0.1\jakarta.transaction-api-2.0.1.jar;C:\Users\hp\.m2\repository\org\jboss\logging\jboss-logging\3.6.1.Final\jboss-logging-3.6.1.Final.jar;C:\Users\hp\.m2\repository\org\hibernate\common\hibernate-commons-annotations\7.0.3.Final\hibernate-commons-annotations-7.0.3.Final.jar;C:\Users\hp\.m2\repository\io\smallrye\jandex\3.2.0\jandex-3.2.0.jar;C:\Users\hp\.m2\repository\com\fasterxml\classmate\1.7.0\classmate-1.7.0.jar;C:\Users\hp\.m2\repository\net\bytebuddy\byte-buddy\1.15.11\byte-buddy-1.15.11.jar;C:\Users\hp\.m2\repository\org\glassfish\jaxb\jaxb-runtime\4.0.5\jaxb-runtime-4.0.5.jar;C:\Users\hp\.m2\repository\org\glassfish\jaxb\jaxb-core\4.0.5\jaxb-core-4.0.5.jar;C:\Users\hp\.m2\repository\org\glassfish\jaxb\txw2\4.0.5\txw2-4.0.5.jar;C:\Users\hp\.m2\repository\com\sun\istack\istack-commons-runtime\4.1.2\istack-commons-runtime-4.1.2.jar;C:\Users\hp\.m2\repository\jakarta\inject\jakarta.inject-api\2.0.1\jakarta.inject-api-2.0.1.jar;C:\Users\hp\.m2\repository\org\antlr\antlr4-runtime\4.13.0\antlr4-runtime-4.13.0.jar;C:\Users\hp\.m2\repository\org\springframework\data\spring-data-jpa\3.4.4\spring-data-jpa-3.4.4.jar;C:\Users\hp\.m2\repository\org\springframework\data\spring-data-commons\3.4.4\spring-data-commons-3.4.4.jar;C:\Users\hp\.m2\repository\org\springframework\spring-orm\6.2.5\spring-orm-6.2.5.jar;C:\Users\hp\.m2\repository\org\springframework\spring-aspects\6.2.5\spring-aspects-6.2.5.jar;C:\Users\hp\.m2\repository\org\aspectj\aspectjweaver\1.9.23\aspectjweaver-1.9.23.jar;C:\Users\hp\.m2\repository\com\h2database\h2\2.3.232\h2-2.3.232.jar;C:\Users\hp\.m2\repository\org\mapstruct\mapstruct\1.5.2.Final\mapstruct-1.5.2.Final.jar;C:\Users\hp\.m2\repository\org\springframework\integration\spring-integration-http\6.4.3\spring-integration-http-6.4.3.jar;C:\Users\hp\.m2\repository\org\springframework\integration\spring-integration-mail\6.4.3\spring-integration-mail-6.4.3.jar;C:\Users\hp\.m2\repository\org\springframework\security\spring-security-messaging\6.4.4\spring-security-messaging-6.4.4.jar;C:\Users\hp\.m2\repository\org\springframework\spring-beans\6.2.5\spring-beans-6.2.5.jar;C:\Users\hp\.m2\repository\org\springframework\spring-context\6.2.5\spring-context-6.2.5.jar;C:\Users\hp\.m2\repository\org\springframework\spring-core\6.2.5\spring-core-6.2.5.jar;C:\Users\hp\.m2\repository\org\springframework\spring-jcl\6.2.5\spring-jcl-6.2.5.jar;C:\Users\hp\.m2\repository\org\springframework\spring-expression\6.2.5\spring-expression-6.2.5.jar;C:\Users\hp\.m2\repository\org\springframework\spring-messaging\6.2.5\spring-messaging-6.2.5.jar;C:\Users\hp\.m2\repository\org\thymeleaf\extras\thymeleaf-extras-springsecurity6\3.1.3.RELEASE\thymeleaf-extras-springsecurity6-3.1.3.RELEASE.jar;C:\Users\hp\.m2\repository\org\slf4j\slf4j-api\2.0.17\slf4j-api-2.0.17.jar;C:\Users\hp\.m2\repository\com\mysql\mysql-connector-j\9.1.0\mysql-connector-j-9.1.0.jar;C:\Users\hp\.m2\repository\org\postgresql\postgresql\42.7.5\postgresql-42.7.5.jar;C:\Users\hp\.m2\repository\org\checkerframework\checker-qual\3.48.3\checker-qual-3.48.3.jar;C:\Users\hp\.m2\repository\org\projectlombok\lombok\1.18.36\lombok-1.18.36.jar;C:\Users\hp\.m2\repository\jakarta\xml\bind\jakarta.xml.bind-api\4.0.2\jakarta.xml.bind-api-4.0.2.jar
Launcher Type: SUN_STANDARD

[Global flags]
     intx CICompilerCount                          = 3                                         {product} {ergonomic}
     uint ConcGCThreads                            = 1                                         {product} {ergonomic}
     uint G1ConcRefinementThreads                  = 4                                         {product} {ergonomic}
   size_t G1HeapRegionSize                         = 1048576                                   {product} {ergonomic}
    uintx GCDrainStackTargetSize                   = 64                                        {product} {ergonomic}
   size_t InitialHeapSize                          = 67108864                                  {product} {ergonomic}
   size_t MarkStackSize                            = 4194304                                   {product} {ergonomic}
   size_t MaxHeapSize                              = 1050673152                                {product} {ergonomic}
   size_t MaxNewSize                               = 630194176                                 {product} {ergonomic}
   size_t MinHeapDeltaBytes                        = 1048576                                   {product} {ergonomic}
   size_t MinHeapSize                              = 8388608                                   {product} {ergonomic}
    uintx NonNMethodCodeHeapSize                   = 5832780                                {pd product} {ergonomic}
    uintx NonProfiledCodeHeapSize                  = 122912730                              {pd product} {ergonomic}
    uintx ProfiledCodeHeapSize                     = 122912730                              {pd product} {ergonomic}
    uintx ReservedCodeCacheSize                    = 251658240                              {pd product} {ergonomic}
     bool SegmentedCodeCache                       = true                                      {product} {ergonomic}
   size_t SoftMaxHeapSize                          = 1050673152                             {manageable} {ergonomic}
     bool UseCompressedOops                        = true                           {product lp64_product} {ergonomic}
     bool UseG1GC                                  = true                                      {product} {ergonomic}
     bool UseLargePagesIndividualAllocation        = false                                  {pd product} {ergonomic}

Logging:
Log output configuration:
 #0: stdout all=warning uptime,level,tags foldmultilines=false
 #1: stderr all=off uptime,level,tags foldmultilines=false

Environment Variables:
PATH=C:\Program Files\Common Files\Oracle\Java\javapath;C:\Windows\system32;C:\Windows;C:\Windows\System32\Wbem;C:\Windows\System32\WindowsPowerShell\v1.0\;C:\Windows\System32\OpenSSH\;C:\Program Files\dotnet\;C:\Program Files\MATLAB\R2024a\runtime\win64;C:\Program Files\MATLAB\R2024a\bin;C:\Program Files\Git\cmd;C:\Users\hp\AppData\Local\Programs\Python\Python312\Scripts\;C:\Users\hp\AppData\Local\Programs\Python\Python312\;C:\Users\hp\AppData\Local\Programs\Python\Launcher\;C:\Users\hp\AppData\Local\Microsoft\WindowsApps;C:\Users\hp\AppData\Local\Programs\Microsoft VS Code\bin;C:\Program Files\JetBrains\IntelliJ IDEA Community Edition 2024.3.3\bin;
USERNAME=hp
OS=Windows_NT
PROCESSOR_IDENTIFIER=Intel64 Family 6 Model 142 Stepping 10, GenuineIntel
TMP=C:\Users\hp\AppData\Local\Temp
TEMP=C:\Users\hp\AppData\Local\Temp




Periodic native trim disabled

---------------  S Y S T E M  ---------------

OS:
 Windows 10 , 64 bit Build 19041 (10.0.19041.5438)
OS uptime: 4 days 12:28 hours

CPU: total 4 (initial active 4) (2 cores per cpu, 2 threads per core) family 6 model 142 stepping 10 microcode 0xc6, cx8, cmov, fxsr, ht, mmx, 3dnowpref, sse, sse2, sse3, ssse3, sse4.1, sse4.2, popcnt, lzcnt, tsc, tscinvbit, avx, avx2, aes, erms, clmul, bmi1, bmi2, adx, fma, vzeroupper, clflush, clflushopt, rdtscp, f16c
Processor Information for all 4 processors :
  Max Mhz: 2208, Current Mhz: 2208, Mhz Limit: 2208

Memory: 4k page, system-wide physical 4001M (173M free)
TotalPageFile size 8097M (AvailPageFile size 5M)
current process WorkingSet (physical memory assigned to process): 192M, peak: 193M
current process commit charge ("private bytes"): 222M, peak: 223M

vm_info: Java HotSpot(TM) 64-Bit Server VM (21.0.6+8-LTS-188) for windows-amd64 JRE (21.0.6+8-LTS-188), built on 2024-12-03T10:50:54Z by "mach5one" with MS VC++ 17.6 (VS2022)

END.
