#
# There is insufficient memory for the Java Runtime Environment to continue.
# Native memory allocation (malloc) failed to allocate 1205856 bytes. Error detail: Chunk::new
# Possible reasons:
#   The system is out of physical RAM or swap space
#   This process is running with CompressedOops enabled, and the Java Heap may be blocking the growth of the native heap
# Possible solutions:
#   Reduce memory load on the system
#   Increase physical memory or swap space
#   Check if swap backing store is full
#   Decrease Java heap size (-Xmx/-Xms)
#   Decrease number of Java threads
#   Decrease Java thread stack sizes (-Xss)
#   Set larger code cache with -XX:ReservedCodeCacheSize=
#   JVM is running with Unscaled Compressed Oops mode in which the Java heap is
#     placed in the first 4GB address space. The Java Heap base address is the
#     maximum limit for the native heap growth. Please use -XX:HeapBaseMinAddress
#     to set the Java Heap base and to place the Java Heap above 4GB virtual address.
# This output file may be truncated or incomplete.
#
#  Out of Memory Error (arena.cpp:149), pid=5144, tid=11772
#
# JRE version: Java(TM) SE Runtime Environment (23.0.2+7) (build 23.0.2+7-58)
# Java VM: Java HotSpot(TM) 64-Bit Server VM (23.0.2+7-58, mixed mode, sharing, tiered, compressed oops, compressed class ptrs, g1 gc, windows-amd64)
# No core dump will be written. Minidumps are not enabled by default on client versions of Windows
#

---------------  S U M M A R Y ------------

Command Line: -javaagent:C:\Program Files\JetBrains\IntelliJ IDEA Community Edition 2024.3.3\lib\idea_rt.jar=53149 -Dfile.encoding=UTF-8 -Dsun.stdout.encoding=UTF-8 -Dsun.stderr.encoding=UTF-8 com.myecommerce.EcommerceApplication

Host: Intel(R) Core(TM) i3-8130U CPU @ 2.20GHz, 4 cores, 3G,  Windows 10 , 64 bit Build 19041 (10.0.19041.5438)
Time: Fri Apr  4 09:35:46 2025 Maroc elapsed time: 5.594599 seconds (0d 0h 0m 5s)

---------------  T H R E A D  ---------------

Current thread (0x000002a941159c10):  JavaThread "C2 CompilerThread0" daemon [_thread_in_native, id=11772, stack(0x000000ce43700000,0x000000ce43800000) (1024K)]


Current CompileTask:
C2:5594 4361       4       org.springframework.core.ResolvableType::as (86 bytes)

Stack: [0x000000ce43700000,0x000000ce43800000]
Native frames: (J=compiled Java code, j=interpreted, Vv=VM code, C=native code)
V  [jvm.dll+0x6e0b99]  (no source info available)
V  [jvm.dll+0x87e2b3]  (no source info available)
V  [jvm.dll+0x88073e]  (no source info available)
V  [jvm.dll+0x880e13]  (no source info available)
V  [jvm.dll+0x27b006]  (no source info available)
V  [jvm.dll+0xbc06f]  (no source info available)
V  [jvm.dll+0xbc2cb]  (no source info available)
V  [jvm.dll+0x2eea6d]  (no source info available)
V  [jvm.dll+0x606669]  (no source info available)
V  [jvm.dll+0x24def2]  (no source info available)
V  [jvm.dll+0x24681d]  (no source info available)
V  [jvm.dll+0x243e04]  (no source info available)
V  [jvm.dll+0x1c34b0]  (no source info available)
V  [jvm.dll+0x253df1]  (no source info available)
V  [jvm.dll+0x2520aa]  (no source info available)
V  [jvm.dll+0x3ee226]  (no source info available)
V  [jvm.dll+0x8254cb]  (no source info available)
V  [jvm.dll+0x6df345]  (no source info available)
C  [ucrtbase.dll+0x21bb2]  (no source info available)
C  [KERNEL32.DLL+0x17374]  (no source info available)
C  [ntdll.dll+0x4cc91]  (no source info available)

Lock stack of current Java thread (top to bottom):


---------------  P R O C E S S  ---------------

Threads class SMR info:
_java_thread_list=0x000002a96418d650, length=13, elements={
0x000002a94880df90, 0x000002a941135ab0, 0x000002a94113a8a0, 0x000002a94113d6d0,
0x000002a941140140, 0x000002a941143350, 0x000002a94114b4b0, 0x000002a941159c10,
0x000002a94115e2f0, 0x000002a9411493e0, 0x000002a941149a70, 0x000002a94114a100,
0x000002a963bf74b0
}

Java Threads: ( => current thread )
  0x000002a94880df90 JavaThread "main"                              [_thread_in_native, id=10940, stack(0x000000ce42900000,0x000000ce42a00000) (1024K)]
  0x000002a941135ab0 JavaThread "Reference Handler"          daemon [_thread_blocked, id=10312, stack(0x000000ce43100000,0x000000ce43200000) (1024K)]
  0x000002a94113a8a0 JavaThread "Finalizer"                  daemon [_thread_blocked, id=13468, stack(0x000000ce43200000,0x000000ce43300000) (1024K)]
  0x000002a94113d6d0 JavaThread "Signal Dispatcher"          daemon [_thread_blocked, id=15172, stack(0x000000ce43300000,0x000000ce43400000) (1024K)]
  0x000002a941140140 JavaThread "Attach Listener"            daemon [_thread_blocked, id=15828, stack(0x000000ce43400000,0x000000ce43500000) (1024K)]
  0x000002a941143350 JavaThread "Service Thread"             daemon [_thread_blocked, id=7936, stack(0x000000ce43500000,0x000000ce43600000) (1024K)]
  0x000002a94114b4b0 JavaThread "Monitor Deflation Thread"   daemon [_thread_blocked, id=12264, stack(0x000000ce43600000,0x000000ce43700000) (1024K)]
=>0x000002a941159c10 JavaThread "C2 CompilerThread0"         daemon [_thread_in_native, id=11772, stack(0x000000ce43700000,0x000000ce43800000) (1024K)]
  0x000002a94115e2f0 JavaThread "C1 CompilerThread0"         daemon [_thread_blocked, id=3288, stack(0x000000ce43800000,0x000000ce43900000) (1024K)]
  0x000002a9411493e0 JavaThread "Common-Cleaner"             daemon [_thread_blocked, id=13096, stack(0x000000ce43900000,0x000000ce43a00000) (1024K)]
  0x000002a941149a70 JavaThread "Monitor Ctrl-Break"         daemon [_thread_in_native, id=12748, stack(0x000000ce43a00000,0x000000ce43b00000) (1024K)]
  0x000002a94114a100 JavaThread "Notification Thread"        daemon [_thread_blocked, id=1376, stack(0x000000ce43b00000,0x000000ce43c00000) (1024K)]
  0x000002a963bf74b0 JavaThread "C2 CompilerThread1"         daemon [_thread_blocked, id=4840, stack(0x000000ce44000000,0x000000ce44100000) (1024K)]
Total: 13

Other Threads:
  0x000002a94111dfa0 VMThread "VM Thread"                           [id=6328, stack(0x000000ce43000000,0x000000ce43100000) (1024K)]
  0x000002a9488c0a00 WatcherThread "VM Periodic Task Thread"        [id=1000, stack(0x000000ce42f00000,0x000000ce43000000) (1024K)]
  0x000002a9488486e0 WorkerThread "GC Thread#0"                     [id=11784, stack(0x000000ce42a00000,0x000000ce42b00000) (1024K)]
  0x000002a941a2b600 WorkerThread "GC Thread#1"                     [id=7992, stack(0x000000ce43d00000,0x000000ce43e00000) (1024K)]
  0x000002a941a2c1d0 WorkerThread "GC Thread#2"                     [id=9980, stack(0x000000ce43e00000,0x000000ce43f00000) (1024K)]
  0x000002a9419296a0 WorkerThread "GC Thread#3"                     [id=884, stack(0x000000ce43f00000,0x000000ce44000000) (1024K)]
  0x000002a948853570 ConcurrentGCThread "G1 Main Marker"            [id=14276, stack(0x000000ce42b00000,0x000000ce42c00000) (1024K)]
  0x000002a948854820 WorkerThread "G1 Conc#0"                       [id=640, stack(0x000000ce42c00000,0x000000ce42d00000) (1024K)]
  0x000002a9488af560 ConcurrentGCThread "G1 Refine#0"               [id=15544, stack(0x000000ce42d00000,0x000000ce42e00000) (1024K)]
  0x000002a9488b00e0 ConcurrentGCThread "G1 Service"                [id=12072, stack(0x000000ce42e00000,0x000000ce42f00000) (1024K)]
Total: 10

Threads with active compile tasks:
C2 CompilerThread0  5711 4361       4       org.springframework.core.ResolvableType::as (86 bytes)
Total: 1

VM state: not at safepoint (normal execution)

VM Mutex/Monitor currently owned by a thread: None

Heap address: 0x00000000c1600000, size: 1002 MB, Compressed Oops mode: 32-bit

CDS archive(s) mapped at: [0x000002a900000000-0x000002a900d70000-0x000002a900d70000), size 14090240, SharedBaseAddress: 0x000002a900000000, ArchiveRelocationMode: 1.
Compressed class space mapped at: 0x000002a901000000-0x000002a941000000, reserved size: 1073741824
Narrow klass base: 0x000002a900000000, Narrow klass shift: 0, Narrow klass range: 0x41000000

GC Precious Log:
 CardTable entry size: 512
 Card Set container configuration: InlinePtr #cards 5 size 8 Array Of Cards #cards 10 size 36 Howl #buckets 4 coarsen threshold 1843 Howl Bitmap #cards 512 size 80 coarsen threshold 460 Card regions per heap region 1 cards per card region 2048
 CPUs: 4 total, 4 available
 Memory: 4001M
 Large Page Support: Disabled
 NUMA Support: Disabled
 Compressed Oops: Enabled (32-bit)
 Heap Region Size: 1M
 Heap Min Capacity: 8M
 Heap Initial Capacity: 64M
 Heap Max Capacity: 1002M
 Pre-touch: Disabled
 Parallel Workers: 4
 Concurrent Workers: 1
 Concurrent Refinement Workers: 4
 Periodic GC: Disabled

Heap:
 garbage-first heap   total reserved 1026048K, committed 65536K, used 23770K [0x00000000c1600000, 0x0000000100000000)
  region size 1024K, 5 young (5120K), 3 survivors (3072K)
 Metaspace       used 30283K, committed 30720K, reserved 1114112K
  class space    used 4013K, committed 4224K, reserved 1048576K

Heap Regions: E=young(eden), S=young(survivor), O=old, HS=humongous(starts), HC=humongous(continues), CS=collection set, F=free, TAMS=top-at-mark-start, PB=parsable bottom
|   0|0x00000000c1600000, 0x00000000c1700000, 0x00000000c1700000|100%|HS|  |TAMS 0x00000000c1600000| PB 0x00000000c1600000| Complete |  0
|   1|0x00000000c1700000, 0x00000000c1800000, 0x00000000c1800000|100%|HS|  |TAMS 0x00000000c1700000| PB 0x00000000c1700000| Complete |  0
|   2|0x00000000c1800000, 0x00000000c1900000, 0x00000000c1900000|100%|HS|  |TAMS 0x00000000c1800000| PB 0x00000000c1800000| Complete |  0
|   3|0x00000000c1900000, 0x00000000c1a00000, 0x00000000c1a00000|100%|HC|  |TAMS 0x00000000c1900000| PB 0x00000000c1900000| Complete |  0
|   4|0x00000000c1a00000, 0x00000000c1b00000, 0x00000000c1b00000|100%| O|  |TAMS 0x00000000c1a00000| PB 0x00000000c1a00000| Untracked |  0
|   5|0x00000000c1b00000, 0x00000000c1c00000, 0x00000000c1c00000|100%| O|  |TAMS 0x00000000c1b00000| PB 0x00000000c1b00000| Untracked |  0
|   6|0x00000000c1c00000, 0x00000000c1d00000, 0x00000000c1d00000|100%| O|  |TAMS 0x00000000c1c00000| PB 0x00000000c1c00000| Untracked |  0
|   7|0x00000000c1d00000, 0x00000000c1e00000, 0x00000000c1e00000|100%| O|  |TAMS 0x00000000c1d00000| PB 0x00000000c1d00000| Untracked |  0
|   8|0x00000000c1e00000, 0x00000000c1e00000, 0x00000000c1f00000|  0%| F|  |TAMS 0x00000000c1e00000| PB 0x00000000c1e00000| Untracked |  0
|   9|0x00000000c1f00000, 0x00000000c2000000, 0x00000000c2000000|100%| O|  |TAMS 0x00000000c1f00000| PB 0x00000000c1f00000| Untracked |  0
|  10|0x00000000c2000000, 0x00000000c2100000, 0x00000000c2100000|100%| O|  |TAMS 0x00000000c2000000| PB 0x00000000c2000000| Untracked |  0
|  11|0x00000000c2100000, 0x00000000c2200000, 0x00000000c2200000|100%| O|  |TAMS 0x00000000c2100000| PB 0x00000000c2100000| Untracked |  0
|  12|0x00000000c2200000, 0x00000000c2300000, 0x00000000c2300000|100%| O|  |TAMS 0x00000000c2200000| PB 0x00000000c2200000| Untracked |  0
|  13|0x00000000c2300000, 0x00000000c2400000, 0x00000000c2400000|100%| O|  |TAMS 0x00000000c2300000| PB 0x00000000c2300000| Untracked |  0
|  14|0x00000000c2400000, 0x00000000c2500000, 0x00000000c2500000|100%| O|  |TAMS 0x00000000c2400000| PB 0x00000000c2400000| Untracked |  0
|  15|0x00000000c2500000, 0x00000000c2600000, 0x00000000c2600000|100%| O|  |TAMS 0x00000000c2500000| PB 0x00000000c2500000| Untracked |  0
|  16|0x00000000c2600000, 0x00000000c26a1bc0, 0x00000000c2700000| 63%| O|  |TAMS 0x00000000c2600000| PB 0x00000000c2600000| Untracked |  0
|  17|0x00000000c2700000, 0x00000000c2800000, 0x00000000c2800000|100%| O|  |TAMS 0x00000000c2700000| PB 0x00000000c2700000| Untracked |  0
|  18|0x00000000c2800000, 0x00000000c2900000, 0x00000000c2900000|100%| O|  |TAMS 0x00000000c2800000| PB 0x00000000c2800000| Untracked |  0
|  19|0x00000000c2900000, 0x00000000c2a00000, 0x00000000c2a00000|100%| O|  |TAMS 0x00000000c2900000| PB 0x00000000c2900000| Untracked |  0
|  20|0x00000000c2a00000, 0x00000000c2b00000, 0x00000000c2b00000|100%| O|  |TAMS 0x00000000c2a00000| PB 0x00000000c2a00000| Untracked |  0
|  21|0x00000000c2b00000, 0x00000000c2b00000, 0x00000000c2c00000|  0%| F|  |TAMS 0x00000000c2b00000| PB 0x00000000c2b00000| Untracked |  0
|  22|0x00000000c2c00000, 0x00000000c2c00000, 0x00000000c2d00000|  0%| F|  |TAMS 0x00000000c2c00000| PB 0x00000000c2c00000| Untracked |  0
|  23|0x00000000c2d00000, 0x00000000c2d00000, 0x00000000c2e00000|  0%| F|  |TAMS 0x00000000c2d00000| PB 0x00000000c2d00000| Untracked |  0
|  24|0x00000000c2e00000, 0x00000000c2e00000, 0x00000000c2f00000|  0%| F|  |TAMS 0x00000000c2e00000| PB 0x00000000c2e00000| Untracked |  0
|  25|0x00000000c2f00000, 0x00000000c2f00000, 0x00000000c3000000|  0%| F|  |TAMS 0x00000000c2f00000| PB 0x00000000c2f00000| Untracked |  0
|  26|0x00000000c3000000, 0x00000000c3000000, 0x00000000c3100000|  0%| F|  |TAMS 0x00000000c3000000| PB 0x00000000c3000000| Untracked |  0
|  27|0x00000000c3100000, 0x00000000c3100000, 0x00000000c3200000|  0%| F|  |TAMS 0x00000000c3100000| PB 0x00000000c3100000| Untracked |  0
|  28|0x00000000c3200000, 0x00000000c3200000, 0x00000000c3300000|  0%| F|  |TAMS 0x00000000c3200000| PB 0x00000000c3200000| Untracked |  0
|  29|0x00000000c3300000, 0x00000000c3300000, 0x00000000c3400000|  0%| F|  |TAMS 0x00000000c3300000| PB 0x00000000c3300000| Untracked |  0
|  30|0x00000000c3400000, 0x00000000c3400000, 0x00000000c3500000|  0%| F|  |TAMS 0x00000000c3400000| PB 0x00000000c3400000| Untracked |  0
|  31|0x00000000c3500000, 0x00000000c3500000, 0x00000000c3600000|  0%| F|  |TAMS 0x00000000c3500000| PB 0x00000000c3500000| Untracked |  0
|  32|0x00000000c3600000, 0x00000000c3600000, 0x00000000c3700000|  0%| F|  |TAMS 0x00000000c3600000| PB 0x00000000c3600000| Untracked |  0
|  33|0x00000000c3700000, 0x00000000c3700000, 0x00000000c3800000|  0%| F|  |TAMS 0x00000000c3700000| PB 0x00000000c3700000| Untracked |  0
|  34|0x00000000c3800000, 0x00000000c3894f90, 0x00000000c3900000| 58%| S|CS|TAMS 0x00000000c3800000| PB 0x00000000c3800000| Complete |  0
|  35|0x00000000c3900000, 0x00000000c3a00000, 0x00000000c3a00000|100%| S|CS|TAMS 0x00000000c3900000| PB 0x00000000c3900000| Complete |  0
|  36|0x00000000c3a00000, 0x00000000c3b00000, 0x00000000c3b00000|100%| S|CS|TAMS 0x00000000c3a00000| PB 0x00000000c3a00000| Complete |  0
|  37|0x00000000c3b00000, 0x00000000c3b00000, 0x00000000c3c00000|  0%| F|  |TAMS 0x00000000c3b00000| PB 0x00000000c3b00000| Untracked |  0
|  38|0x00000000c3c00000, 0x00000000c3c00000, 0x00000000c3d00000|  0%| F|  |TAMS 0x00000000c3c00000| PB 0x00000000c3c00000| Untracked |  0
|  39|0x00000000c3d00000, 0x00000000c3d00000, 0x00000000c3e00000|  0%| F|  |TAMS 0x00000000c3d00000| PB 0x00000000c3d00000| Untracked |  0
|  40|0x00000000c3e00000, 0x00000000c3e00000, 0x00000000c3f00000|  0%| F|  |TAMS 0x00000000c3e00000| PB 0x00000000c3e00000| Untracked |  0
|  41|0x00000000c3f00000, 0x00000000c3f00000, 0x00000000c4000000|  0%| F|  |TAMS 0x00000000c3f00000| PB 0x00000000c3f00000| Untracked |  0
|  42|0x00000000c4000000, 0x00000000c4000000, 0x00000000c4100000|  0%| F|  |TAMS 0x00000000c4000000| PB 0x00000000c4000000| Untracked |  0
|  43|0x00000000c4100000, 0x00000000c4100000, 0x00000000c4200000|  0%| F|  |TAMS 0x00000000c4100000| PB 0x00000000c4100000| Untracked |  0
|  44|0x00000000c4200000, 0x00000000c4200000, 0x00000000c4300000|  0%| F|  |TAMS 0x00000000c4200000| PB 0x00000000c4200000| Untracked |  0
|  45|0x00000000c4300000, 0x00000000c4300000, 0x00000000c4400000|  0%| F|  |TAMS 0x00000000c4300000| PB 0x00000000c4300000| Untracked |  0
|  46|0x00000000c4400000, 0x00000000c4400000, 0x00000000c4500000|  0%| F|  |TAMS 0x00000000c4400000| PB 0x00000000c4400000| Untracked |  0
|  47|0x00000000c4500000, 0x00000000c4500000, 0x00000000c4600000|  0%| F|  |TAMS 0x00000000c4500000| PB 0x00000000c4500000| Untracked |  0
|  48|0x00000000c4600000, 0x00000000c4600000, 0x00000000c4700000|  0%| F|  |TAMS 0x00000000c4600000| PB 0x00000000c4600000| Untracked |  0
|  49|0x00000000c4700000, 0x00000000c4700000, 0x00000000c4800000|  0%| F|  |TAMS 0x00000000c4700000| PB 0x00000000c4700000| Untracked |  0
|  50|0x00000000c4800000, 0x00000000c4800000, 0x00000000c4900000|  0%| F|  |TAMS 0x00000000c4800000| PB 0x00000000c4800000| Untracked |  0
|  51|0x00000000c4900000, 0x00000000c4900000, 0x00000000c4a00000|  0%| F|  |TAMS 0x00000000c4900000| PB 0x00000000c4900000| Untracked |  0
|  52|0x00000000c4a00000, 0x00000000c4a00000, 0x00000000c4b00000|  0%| F|  |TAMS 0x00000000c4a00000| PB 0x00000000c4a00000| Untracked |  0
|  53|0x00000000c4b00000, 0x00000000c4b00000, 0x00000000c4c00000|  0%| F|  |TAMS 0x00000000c4b00000| PB 0x00000000c4b00000| Untracked |  0
|  54|0x00000000c4c00000, 0x00000000c4c00000, 0x00000000c4d00000|  0%| F|  |TAMS 0x00000000c4c00000| PB 0x00000000c4c00000| Untracked |  0
|  55|0x00000000c4d00000, 0x00000000c4d00000, 0x00000000c4e00000|  0%| F|  |TAMS 0x00000000c4d00000| PB 0x00000000c4d00000| Untracked |  0
|  56|0x00000000c4e00000, 0x00000000c4e00000, 0x00000000c4f00000|  0%| F|  |TAMS 0x00000000c4e00000| PB 0x00000000c4e00000| Untracked |  0
|  57|0x00000000c4f00000, 0x00000000c4f00000, 0x00000000c5000000|  0%| F|  |TAMS 0x00000000c4f00000| PB 0x00000000c4f00000| Untracked |  0
|  58|0x00000000c5000000, 0x00000000c5000000, 0x00000000c5100000|  0%| F|  |TAMS 0x00000000c5000000| PB 0x00000000c5000000| Untracked |  0
|  59|0x00000000c5100000, 0x00000000c5100000, 0x00000000c5200000|  0%| F|  |TAMS 0x00000000c5100000| PB 0x00000000c5100000| Untracked |  0
|  60|0x00000000c5200000, 0x00000000c5200000, 0x00000000c5300000|  0%| F|  |TAMS 0x00000000c5200000| PB 0x00000000c5200000| Untracked |  0
|  61|0x00000000c5300000, 0x00000000c5300000, 0x00000000c5400000|  0%| F|  |TAMS 0x00000000c5300000| PB 0x00000000c5300000| Untracked |  0
|  62|0x00000000c5400000, 0x00000000c5500000, 0x00000000c5500000|100%| E|  |TAMS 0x00000000c5400000| PB 0x00000000c5400000| Complete |  0
|  63|0x00000000c5500000, 0x00000000c5600000, 0x00000000c5600000|100%| E|CS|TAMS 0x00000000c5500000| PB 0x00000000c5500000| Complete |  0

Card table byte_map: [0x000002a960150000,0x000002a960350000] _byte_map_base: 0x000002a95fb45000

Marking Bits: (CMBitMap*) 0x000002a948848df0
 Bits: [0x000002a960350000, 0x000002a9612f8000)

Polling page: 0x000002a9466c0000

Metaspace:

Usage:
  Non-class:     25.65 MB used.
      Class:      3.92 MB used.
       Both:     29.57 MB used.

Virtual space:
  Non-class space:       64.00 MB reserved,      25.88 MB ( 40%) committed,  1 nodes.
      Class space:        1.00 GB reserved,       4.12 MB ( <1%) committed,  1 nodes.
             Both:        1.06 GB reserved,      30.00 MB (  3%) committed. 

Chunk freelists:
   Non-Class:  5.38 MB
       Class:  11.89 MB
        Both:  17.26 MB

MaxMetaspaceSize: unlimited
CompressedClassSpaceSize: 1.00 GB
Initial GC threshold: 21.00 MB
Current GC threshold: 35.25 MB
CDS: on
 - commit_granule_bytes: 65536.
 - commit_granule_words: 8192.
 - virtual_space_node_default_size: 8388608.
 - enlarge_chunks_in_place: 1.
 - use_allocation_guard: 0.


Internal statistics:

num_allocs_failed_limit: 3.
num_arena_births: 502.
num_arena_deaths: 0.
num_vsnodes_births: 2.
num_vsnodes_deaths: 0.
num_space_committed: 480.
num_space_uncommitted: 0.
num_chunks_returned_to_freelist: 3.
num_chunks_taken_from_freelist: 1565.
num_chunk_merges: 3.
num_chunk_splits: 1059.
num_chunks_enlarged: 757.
num_inconsistent_stats: 0.

CodeHeap 'non-profiled nmethods': size=120064Kb used=1678Kb max_used=1678Kb free=118385Kb
 bounds [0x000002a958a10000, 0x000002a958c80000, 0x000002a95ff50000]
CodeHeap 'profiled nmethods': size=120000Kb used=7063Kb max_used=7063Kb free=112936Kb
 bounds [0x000002a950f50000, 0x000002a951640000, 0x000002a958480000]
CodeHeap 'non-nmethods': size=5696Kb used=1470Kb max_used=1533Kb free=4225Kb
 bounds [0x000002a958480000, 0x000002a9586f0000, 0x000002a958a10000]
CodeCache: size=245760Kb, used=10211Kb, max_used=10274Kb, free=235546Kb
 total_blobs=5043, nmethods=4480, adapters=468, full_count=0
Compilation: enabled, stopped_count=0, restarted_count=0

Compilation events (20 events):
Event: 5.579 Thread 0x000002a94115e2f0 4412       3       java.lang.reflect.ProxyGenerator$ProxyMethod::generateMethod (102 bytes)
Event: 5.581 Thread 0x000002a94115e2f0 nmethod 4412 0x000002a951610d88 code [0x000002a9516110e0, 0x000002a951612a60]
Event: 5.581 Thread 0x000002a94115e2f0 4406       3       java.lang.classfile.ClassBuilder::lambda$withField$1 (9 bytes)
Event: 5.581 Thread 0x000002a94115e2f0 nmethod 4406 0x000002a951612b88 code [0x000002a951612d00, 0x000002a951613320]
Event: 5.581 Thread 0x000002a94115e2f0 4407       3       java.lang.classfile.FieldBuilder::withFlags (14 bytes)
Event: 5.581 Thread 0x000002a94115e2f0 nmethod 4407 0x000002a951613388 code [0x000002a951613500, 0x000002a951613ad8]
Event: 5.581 Thread 0x000002a94115e2f0 4408       3       java.lang.classfile.AccessFlags::ofField (12 bytes)
Event: 5.582 Thread 0x000002a94115e2f0 nmethod 4408 0x000002a951613b88 code [0x000002a951613cc0, 0x000002a951613f98]
Event: 5.582 Thread 0x000002a94115e2f0 4409       3       jdk.internal.classfile.impl.DirectFieldBuilder::with (9 bytes)
Event: 5.582 Thread 0x000002a94115e2f0 nmethod 4409 0x000002a951614008 code [0x000002a951614180, 0x000002a951614978]
Event: 5.582 Thread 0x000002a94115e2f0 4410       3       jdk.internal.classfile.impl.DirectFieldBuilder::with (30 bytes)
Event: 5.582 Thread 0x000002a94115e2f0 nmethod 4410 0x000002a951614a08 code [0x000002a951614b80, 0x000002a951615228]
Event: 5.582 Thread 0x000002a94115e2f0 4411       3       jdk.internal.classfile.impl.AccessFlagsImpl::writeTo (9 bytes)
Event: 5.582 Thread 0x000002a94115e2f0 nmethod 4411 0x000002a951615288 code [0x000002a9516153a0, 0x000002a9516154d0]
Event: 5.582 Thread 0x000002a94115e2f0 4413       3       java.lang.reflect.ProxyGenerator::computeUniqueCatchList (167 bytes)
Event: 5.584 Thread 0x000002a94115e2f0 nmethod 4413 0x000002a951615588 code [0x000002a951615840, 0x000002a951617028]
Event: 5.588 Thread 0x000002a94115e2f0 4414       3       java.util.concurrent.locks.ReentrantLock::tryLock (8 bytes)
Event: 5.588 Thread 0x000002a94115e2f0 nmethod 4414 0x000002a951617108 code [0x000002a951617220, 0x000002a951617368]
Event: 5.588 Thread 0x000002a94115e2f0 4415       3       java.util.concurrent.locks.ReentrantLock$Sync::tryLock (63 bytes)
Event: 5.588 Thread 0x000002a94115e2f0 nmethod 4415 0x000002a951617408 code [0x000002a951617560, 0x000002a951617968]

GC Heap History (12 events):
Event: 1.142 GC heap before
{Heap before GC invocations=0 (full 0):
 garbage-first heap   total reserved 1026048K, committed 65536K, used 18432K [0x00000000c1600000, 0x0000000100000000)
  region size 1024K, 14 young (14336K), 0 survivors (0K)
 Metaspace       used 2856K, committed 3008K, reserved 1114112K
  class space    used 287K, committed 384K, reserved 1048576K
}
Event: 1.159 GC heap after
{Heap after GC invocations=1 (full 0):
 garbage-first heap   total reserved 1026048K, committed 65536K, used 10368K [0x00000000c1600000, 0x0000000100000000)
  region size 1024K, 2 young (2048K), 2 survivors (2048K)
 Metaspace       used 2856K, committed 3008K, reserved 1114112K
  class space    used 287K, committed 384K, reserved 1048576K
}
Event: 1.717 GC heap before
{Heap before GC invocations=1 (full 0):
 garbage-first heap   total reserved 1026048K, committed 65536K, used 20608K [0x00000000c1600000, 0x0000000100000000)
  region size 1024K, 13 young (13312K), 2 survivors (2048K)
 Metaspace       used 6518K, committed 6720K, reserved 1114112K
  class space    used 795K, committed 896K, reserved 1048576K
}
Event: 1.723 GC heap after
{Heap after GC invocations=2 (full 0):
 garbage-first heap   total reserved 1026048K, committed 65536K, used 11738K [0x00000000c1600000, 0x0000000100000000)
  region size 1024K, 2 young (2048K), 2 survivors (2048K)
 Metaspace       used 6518K, committed 6720K, reserved 1114112K
  class space    used 795K, committed 896K, reserved 1048576K
}
Event: 2.539 GC heap before
{Heap before GC invocations=2 (full 0):
 garbage-first heap   total reserved 1026048K, committed 65536K, used 36314K [0x00000000c1600000, 0x0000000100000000)
  region size 1024K, 27 young (27648K), 2 survivors (2048K)
 Metaspace       used 13953K, committed 14208K, reserved 1114112K
  class space    used 1721K, committed 1856K, reserved 1048576K
}
Event: 2.544 GC heap after
{Heap after GC invocations=3 (full 0):
 garbage-first heap   total reserved 1026048K, committed 65536K, used 13956K [0x00000000c1600000, 0x0000000100000000)
  region size 1024K, 4 young (4096K), 4 survivors (4096K)
 Metaspace       used 13953K, committed 14208K, reserved 1114112K
  class space    used 1721K, committed 1856K, reserved 1048576K
}
Event: 3.076 GC heap before
{Heap before GC invocations=3 (full 0):
 garbage-first heap   total reserved 1026048K, committed 65536K, used 38532K [0x00000000c1600000, 0x0000000100000000)
  region size 1024K, 29 young (29696K), 4 survivors (4096K)
 Metaspace       used 19451K, committed 19840K, reserved 1114112K
  class space    used 2424K, committed 2624K, reserved 1048576K
}
Event: 3.084 GC heap after
{Heap after GC invocations=4 (full 0):
 garbage-first heap   total reserved 1026048K, committed 65536K, used 17075K [0x00000000c1600000, 0x0000000100000000)
  region size 1024K, 4 young (4096K), 4 survivors (4096K)
 Metaspace       used 19451K, committed 19840K, reserved 1114112K
  class space    used 2424K, committed 2624K, reserved 1048576K
}
Event: 3.530 GC heap before
{Heap before GC invocations=4 (full 0):
 garbage-first heap   total reserved 1026048K, committed 65536K, used 31411K [0x00000000c1600000, 0x0000000100000000)
  region size 1024K, 19 young (19456K), 4 survivors (4096K)
 Metaspace       used 21170K, committed 21504K, reserved 1114112K
  class space    used 2608K, committed 2752K, reserved 1048576K
}
Event: 3.536 GC heap after
{Heap after GC invocations=5 (full 0):
 garbage-first heap   total reserved 1026048K, committed 65536K, used 18579K [0x00000000c1600000, 0x0000000100000000)
  region size 1024K, 2 young (2048K), 2 survivors (2048K)
 Metaspace       used 21170K, committed 21504K, reserved 1114112K
  class space    used 2608K, committed 2752K, reserved 1048576K
}
Event: 4.668 GC heap before
{Heap before GC invocations=6 (full 0):
 garbage-first heap   total reserved 1026048K, committed 65536K, used 46227K [0x00000000c1600000, 0x0000000100000000)
  region size 1024K, 30 young (30720K), 2 survivors (2048K)
 Metaspace       used 25388K, committed 25728K, reserved 1114112K
  class space    used 3298K, committed 3456K, reserved 1048576K
}
Event: 4.677 GC heap after
{Heap after GC invocations=7 (full 0):
 garbage-first heap   total reserved 1026048K, committed 65536K, used 20775K [0x00000000c1600000, 0x0000000100000000)
  region size 1024K, 4 young (4096K), 4 survivors (4096K)
 Metaspace       used 25388K, committed 25728K, reserved 1114112K
  class space    used 3298K, committed 3456K, reserved 1048576K
}

Dll operation events (10 events):
Event: 0.036 Loaded shared library C:\Program Files\Java\jdk-23\bin\java.dll
Event: 0.163 Loaded shared library C:\Program Files\Java\jdk-23\bin\jsvml.dll
Event: 0.490 Loaded shared library C:\Program Files\Java\jdk-23\bin\zip.dll
Event: 0.499 Loaded shared library C:\Program Files\Java\jdk-23\bin\instrument.dll
Event: 0.508 Loaded shared library C:\Program Files\Java\jdk-23\bin\net.dll
Event: 0.510 Loaded shared library C:\Program Files\Java\jdk-23\bin\nio.dll
Event: 0.517 Loaded shared library C:\Program Files\Java\jdk-23\bin\zip.dll
Event: 0.811 Loaded shared library C:\Program Files\Java\jdk-23\bin\extnet.dll
Event: 0.861 Loaded shared library C:\Program Files\Java\jdk-23\bin\jimage.dll
Event: 2.935 Loaded shared library C:\Program Files\Java\jdk-23\bin\sunmscapi.dll

Deoptimization events (20 events):
Event: 5.429 Thread 0x000002a94880df90 Uncommon trap: trap_request=0xffffff45 fr.pc=0x000002a958b8ee38 relative=0x00000000000012b8
Event: 5.429 Thread 0x000002a94880df90 Uncommon trap: reason=unstable_if action=reinterpret pc=0x000002a958b8ee38 method=org.springframework.util.ConcurrentReferenceHashMap$Segment.findInChain(Lorg/springframework/util/ConcurrentReferenceHashMap$Reference;Ljava/lang/Object;I)Lorg/springframewo
Event: 5.429 Thread 0x000002a94880df90 DEOPT PACKING pc=0x000002a958b8ee38 sp=0x000000ce429fc490
Event: 5.429 Thread 0x000002a94880df90 DEOPT UNPACKING pc=0x000002a9584d4402 sp=0x000000ce429fc1f0 mode 2
Event: 5.445 Thread 0x000002a94880df90 Uncommon trap: trap_request=0xffffff45 fr.pc=0x000002a958b02180 relative=0x0000000000000240
Event: 5.445 Thread 0x000002a94880df90 Uncommon trap: reason=unstable_if action=reinterpret pc=0x000002a958b02180 method=org.springframework.util.ConcurrentReferenceHashMap$Segment.findInChain(Lorg/springframework/util/ConcurrentReferenceHashMap$Reference;Ljava/lang/Object;I)Lorg/springframewo
Event: 5.445 Thread 0x000002a94880df90 DEOPT PACKING pc=0x000002a958b02180 sp=0x000000ce429fced0
Event: 5.445 Thread 0x000002a94880df90 DEOPT UNPACKING pc=0x000002a9584d4402 sp=0x000000ce429fce78 mode 2
Event: 5.483 Thread 0x000002a94880df90 Uncommon trap: trap_request=0xffffff45 fr.pc=0x000002a958ba7f8c relative=0x000000000000384c
Event: 5.483 Thread 0x000002a94880df90 Uncommon trap: reason=unstable_if action=reinterpret pc=0x000002a958ba7f8c method=org.springframework.beans.factory.support.AbstractAutowireCapableBeanFactory.predictBeanType(Ljava/lang/String;Lorg/springframework/beans/factory/support/RootBeanDefinition;
Event: 5.483 Thread 0x000002a94880df90 DEOPT PACKING pc=0x000002a958ba7f8c sp=0x000000ce429fdd70
Event: 5.483 Thread 0x000002a94880df90 DEOPT UNPACKING pc=0x000002a9584d4402 sp=0x000000ce429fdc98 mode 2
Event: 5.488 Thread 0x000002a94880df90 Uncommon trap: trap_request=0xffffffcc fr.pc=0x000002a958baa49c relative=0x000000000000035c
Event: 5.488 Thread 0x000002a94880df90 Uncommon trap: reason=intrinsic_or_type_checked_inlining action=make_not_entrant pc=0x000002a958baa49c method=java.util.Arrays.copyOf([Ljava/lang/Object;ILjava/lang/Class;)[Ljava/lang/Object; @ 35 c2
Event: 5.488 Thread 0x000002a94880df90 DEOPT PACKING pc=0x000002a958baa49c sp=0x000000ce429fddc0
Event: 5.488 Thread 0x000002a94880df90 DEOPT UNPACKING pc=0x000002a9584d4402 sp=0x000000ce429fdd50 mode 2
Event: 5.518 Thread 0x000002a94880df90 Uncommon trap: trap_request=0xffffffde fr.pc=0x000002a958b92964 relative=0x0000000000000fa4
Event: 5.518 Thread 0x000002a94880df90 Uncommon trap: reason=class_check action=maybe_recompile pc=0x000002a958b92964 method=org.springframework.beans.factory.support.AbstractBeanFactory.getBeanPostProcessorCache()Lorg/springframework/beans/factory/support/AbstractBeanFactory$BeanPostProcessor
Event: 5.518 Thread 0x000002a94880df90 DEOPT PACKING pc=0x000002a958b92964 sp=0x000000ce429feda0
Event: 5.518 Thread 0x000002a94880df90 DEOPT UNPACKING pc=0x000002a9584d4402 sp=0x000000ce429fed50 mode 2

Classes loaded (20 events):
Event: 5.418 Loading class java/lang/reflect/AnnotatedType
Event: 5.418 Loading class java/lang/reflect/AnnotatedType done
Event: 5.451 Loading class java/io/ObjectInputStream
Event: 5.451 Loading class java/io/ObjectInput
Event: 5.451 Loading class java/io/ObjectInput done
Event: 5.451 Loading class java/io/ObjectStreamConstants
Event: 5.451 Loading class java/io/ObjectStreamConstants done
Event: 5.451 Loading class java/io/ObjectInputStream done
Event: 5.452 Loading class java/io/ObjectOutputStream
Event: 5.452 Loading class java/io/ObjectOutput
Event: 5.452 Loading class java/io/ObjectOutput done
Event: 5.452 Loading class java/io/ObjectOutputStream done
Event: 5.515 Loading class java/text/MessageFormat
Event: 5.516 Loading class java/text/MessageFormat done
Event: 5.539 Loading class java/nio/file/InvalidPathException
Event: 5.539 Loading class java/nio/file/InvalidPathException done
Event: 5.550 Loading class javax/management/NotificationEmitter
Event: 5.550 Loading class javax/management/NotificationBroadcaster
Event: 5.550 Loading class javax/management/NotificationBroadcaster done
Event: 5.550 Loading class javax/management/NotificationEmitter done

Classes unloaded (0 events):
No events

Classes redefined (0 events):
No events

Internal exceptions (20 events):
Event: 5.096 Thread 0x000002a94880df90 Exception <a 'java/lang/NoSuchMethodError'{0x00000000c4bce370}: 'int java.lang.invoke.DirectMethodHandle$Holder.invokeStatic(java.lang.Object, long)'> (0x00000000c4bce370) 
thrown [s\open\src\hotspot\share\interpreter\linkResolver.cpp, line 796]
Event: 5.100 Thread 0x000002a94880df90 Exception <a 'java/lang/NoSuchMethodError'{0x00000000c4bed590}: 'int java.lang.invoke.DirectMethodHandle$Holder.invokeSpecial(java.lang.Object, java.lang.Object, int)'> (0x00000000c4bed590) 
thrown [s\open\src\hotspot\share\interpreter\linkResolver.cpp, line 796]
Event: 5.101 Thread 0x000002a94880df90 Exception <a 'java/lang/NoSuchMethodError'{0x00000000c4bf4a18}: 'int java.lang.invoke.Invokers$Holder.linkToTargetMethod(java.lang.Object, java.lang.Object)'> (0x00000000c4bf4a18) 
thrown [s\open\src\hotspot\share\interpreter\linkResolver.cpp, line 796]
Event: 5.127 Thread 0x000002a94880df90 Exception <a 'java/lang/NoSuchMethodError'{0x00000000c4a9d990}: 'java.lang.Object java.lang.invoke.DirectMethodHandle$Holder.invokeSpecial(java.lang.Object, java.lang.Object, int, java.lang.Object, java.lang.Object)'> (0x00000000c4a9d990) 
thrown [s\open\src\hotspot\share\interpreter\linkResolver.cpp, line 796]
Event: 5.128 Thread 0x000002a94880df90 Exception <a 'java/lang/NoSuchMethodError'{0x00000000c4aa13d8}: 'java.lang.Object java.lang.invoke.DelegatingMethodHandle$Holder.delegate(java.lang.Object, int, java.lang.Object, java.lang.Object)'> (0x00000000c4aa13d8) 
thrown [s\open\src\hotspot\share\interpreter\linkResolver.cpp, line 796]
Event: 5.132 Thread 0x000002a94880df90 Exception <a 'java/lang/NoSuchMethodError'{0x00000000c4ab0bd8}: 'int java.lang.invoke.Invokers$Holder.linkToTargetMethod(java.lang.Object, java.lang.Object, java.lang.Object)'> (0x00000000c4ab0bd8) 
thrown [s\open\src\hotspot\share\interpreter\linkResolver.cpp, line 796]
Event: 5.189 Thread 0x000002a94880df90 Exception <a 'java/lang/NoSuchMethodError'{0x00000000c49d1638}: 'void java.lang.invoke.Invokers$Holder.invokeExact_MT(java.lang.Object, java.lang.Object, java.lang.Object)'> (0x00000000c49d1638) 
thrown [s\open\src\hotspot\share\interpreter\linkResolver.cpp, line 796]
Event: 5.233 Thread 0x000002a94880df90 Exception <a 'java/lang/NoClassDefFoundError'{0x00000000c4754558}: org/flywaydb/core/Flyway> (0x00000000c4754558) 
thrown [s\open\src\hotspot\share\classfile\systemDictionary.cpp, line 302]
Event: 5.233 Thread 0x000002a94880df90 Exception <a 'java/lang/NoClassDefFoundError'{0x00000000c4755a50}: liquibase/integration/spring/SpringLiquibase> (0x00000000c4755a50) 
thrown [s\open\src\hotspot\share\classfile\systemDictionary.cpp, line 302]
Event: 5.244 Thread 0x000002a94880df90 Exception <a 'java/lang/NoClassDefFoundError'{0x00000000c47a89e8}: org/jooq/DSLContext> (0x00000000c47a89e8) 
thrown [s\open\src\hotspot\share\classfile\systemDictionary.cpp, line 302]
Event: 5.299 Thread 0x000002a94880df90 Exception <a 'java/lang/NoClassDefFoundError'{0x00000000c447d5b8}: org/springframework/batch/core/repository/JobRepository> (0x00000000c447d5b8) 
thrown [s\open\src\hotspot\share\classfile\systemDictionary.cpp, line 302]
Event: 5.299 Thread 0x000002a94880df90 Exception <a 'java/lang/NoClassDefFoundError'{0x00000000c447e7a8}: org/quartz/Scheduler> (0x00000000c447e7a8) 
thrown [s\open\src\hotspot\share\classfile\systemDictionary.cpp, line 302]
Event: 5.299 Thread 0x000002a94880df90 Exception <a 'java/lang/NoClassDefFoundError'{0x00000000c447fe80}: org/springframework/session/jdbc/JdbcIndexedSessionRepository> (0x00000000c447fe80) 
thrown [s\open\src\hotspot\share\classfile\systemDictionary.cpp, line 302]
Event: 5.351 Thread 0x000002a94880df90 Exception <a 'java/lang/NoSuchMethodError'{0x00000000c43e58b0}: 'void java.lang.invoke.DirectMethodHandle$Holder.invokeSpecial(java.lang.Object, java.lang.Object, java.lang.Object, java.lang.Object, java.lang.Object, java.lang.Object)'> (0x00000000c43e58b0) 
thrown [s\open\src\hotspot\share\interpreter\linkResolver.cpp, line 796]
Event: 5.356 Thread 0x000002a94880df90 Exception <a 'java/lang/NoSuchMethodError'{0x00000000c4224460}: 'void java.lang.invoke.DirectMethodHandle$Holder.invokeVirtual(java.lang.Object, java.lang.Object, int)'> (0x00000000c4224460) 
thrown [s\open\src\hotspot\share\interpreter\linkResolver.cpp, line 796]
Event: 5.358 Thread 0x000002a94880df90 Exception <a 'java/lang/NoSuchMethodError'{0x00000000c4236768}: 'java.lang.Object java.lang.invoke.DirectMethodHandle$Holder.invokeStatic(java.lang.Object, java.lang.Object, java.lang.Object, java.lang.Object, int)'> (0x00000000c4236768) 
thrown [s\open\src\hotspot\share\interpreter\linkResolver.cpp, line 796]
Event: 5.358 Thread 0x000002a94880df90 Exception <a 'java/lang/NoSuchMethodError'{0x00000000c4240f78}: 'void java.lang.invoke.DelegatingMethodHandle$Holder.reinvoke_L(java.lang.Object, java.lang.Object, int)'> (0x00000000c4240f78) 
thrown [s\open\src\hotspot\share\interpreter\linkResolver.cpp, line 796]
Event: 5.397 Thread 0x000002a94880df90 Implicit null exception at 0x000002a958ad8aca to 0x000002a958ad8b80
Event: 5.477 Thread 0x000002a94880df90 Exception <a 'java/lang/NoSuchMethodError'{0x00000000c3f68a40}: 'java.lang.Object java.lang.invoke.DirectMethodHandle$Holder.invokeSpecialIFC(java.lang.Object, java.lang.Object, java.lang.Object)'> (0x00000000c3f68a40) 
thrown [s\open\src\hotspot\share\interpreter\linkResolver.cpp, line 796]
Event: 5.523 Thread 0x000002a94880df90 Exception <a 'java/lang/NoSuchMethodError'{0x00000000c3ebfff8}: 'java.lang.Object java.lang.invoke.DirectMethodHandle$Holder.invokeVirtual(java.lang.Object, java.lang.Object, java.lang.Object, java.lang.Object, java.lang.Object)'> (0x00000000c3ebfff8) 
thrown [s\open\src\hotspot\share\interpreter\linkResolver.cpp, line 796]

VM Operations (20 events):
Event: 3.802 Executing VM operation: HandshakeAllThreads (Deoptimize)
Event: 3.802 Executing VM operation: HandshakeAllThreads (Deoptimize) done
Event: 3.803 Executing VM operation: HandshakeAllThreads (Deoptimize)
Event: 3.803 Executing VM operation: HandshakeAllThreads (Deoptimize) done
Event: 4.661 Executing VM operation: HandshakeAllThreads (Deoptimize)
Event: 4.661 Executing VM operation: HandshakeAllThreads (Deoptimize) done
Event: 4.663 Executing VM operation: HandshakeAllThreads (Deoptimize)
Event: 4.663 Executing VM operation: HandshakeAllThreads (Deoptimize) done
Event: 4.668 Executing VM operation: G1CollectForAllocation (G1 Evacuation Pause)
Event: 4.677 Executing VM operation: G1CollectForAllocation (G1 Evacuation Pause) done
Event: 5.106 Executing VM operation: HandshakeAllThreads (Deoptimize)
Event: 5.106 Executing VM operation: HandshakeAllThreads (Deoptimize) done
Event: 5.110 Executing VM operation: HandshakeAllThreads (Deoptimize)
Event: 5.110 Executing VM operation: HandshakeAllThreads (Deoptimize) done
Event: 5.370 Executing VM operation: HandshakeAllThreads (Deoptimize)
Event: 5.370 Executing VM operation: HandshakeAllThreads (Deoptimize) done
Event: 5.424 Executing VM operation: HandshakeAllThreads (Deoptimize)
Event: 5.424 Executing VM operation: HandshakeAllThreads (Deoptimize) done
Event: 5.427 Executing VM operation: HandshakeAllThreads (Deoptimize)
Event: 5.427 Executing VM operation: HandshakeAllThreads (Deoptimize) done

Memory protections (0 events):
No events

Nmethod flushes (0 events):
No events

Events (19 events):
Event: 0.100 Thread 0x000002a94880df90 Thread added: 0x000002a94880df90
Event: 0.152 Thread 0x000002a94880df90 Thread added: 0x000002a941135ab0
Event: 0.152 Thread 0x000002a94880df90 Thread added: 0x000002a94113a8a0
Event: 0.153 Thread 0x000002a94880df90 Thread added: 0x000002a94113d6d0
Event: 0.153 Thread 0x000002a94880df90 Thread added: 0x000002a941140140
Event: 0.154 Thread 0x000002a94880df90 Thread added: 0x000002a941143350
Event: 0.154 Thread 0x000002a94880df90 Thread added: 0x000002a94114b4b0
Event: 0.154 Thread 0x000002a94880df90 Thread added: 0x000002a941159c10
Event: 0.154 Thread 0x000002a94880df90 Thread added: 0x000002a94115e2f0
Event: 0.436 Thread 0x000002a94880df90 Thread added: 0x000002a9411493e0
Event: 0.786 Thread 0x000002a94880df90 Thread added: 0x000002a941149a70
Event: 0.786 Thread 0x000002a94880df90 Thread added: 0x000002a94114a100
Event: 0.968 Thread 0x000002a94115e2f0 Thread added: 0x000002a941a54f50
Event: 1.381 Thread 0x000002a941a54f50 Thread exited: 0x000002a941a54f50
Event: 2.146 Thread 0x000002a94880df90 Thread added: 0x000002a94114a790
Event: 2.169 Thread 0x000002a94115e2f0 Thread added: 0x000002a963bf74b0
Event: 2.943 Thread 0x000002a94114a790 Thread exited: 0x000002a94114a790
Event: 3.043 Thread 0x000002a94880df90 Thread added: 0x000002a94114ae20
Event: 3.119 Thread 0x000002a94114ae20 Thread exited: 0x000002a94114ae20


Dynamic libraries:
0x00007ff69f000000 - 0x00007ff69f010000 	C:\Program Files\Java\jdk-23\bin\java.exe
0x00007ffa56070000 - 0x00007ffa56268000 	C:\Windows\SYSTEM32\ntdll.dll
0x00007ffa54b10000 - 0x00007ffa54bd2000 	C:\Windows\System32\KERNEL32.DLL
0x00007ffa53cc0000 - 0x00007ffa53fbf000 	C:\Windows\System32\KERNELBASE.dll
0x00007ffa53740000 - 0x00007ffa53840000 	C:\Windows\System32\ucrtbase.dll
0x00007ffa42d10000 - 0x00007ffa42d27000 	C:\Program Files\Java\jdk-23\bin\jli.dll
0x00007ffa42920000 - 0x00007ffa4293b000 	C:\Program Files\Java\jdk-23\bin\VCRUNTIME140.dll
0x00007ffa54ce0000 - 0x00007ffa54e7d000 	C:\Windows\System32\USER32.dll
0x00007ffa54060000 - 0x00007ffa54082000 	C:\Windows\System32\win32u.dll
0x00007ffa408f0000 - 0x00007ffa40b8a000 	C:\Windows\WinSxS\amd64_microsoft.windows.common-controls_6595b64144ccf1df_6.0.19041.4355_none_60b8b9eb71f62e16\COMCTL32.dll
0x00007ffa55c70000 - 0x00007ffa55d0e000 	C:\Windows\System32\msvcrt.dll
0x00007ffa54090000 - 0x00007ffa540bb000 	C:\Windows\System32\GDI32.dll
0x00007ffa53a60000 - 0x00007ffa53b7a000 	C:\Windows\System32\gdi32full.dll
0x00007ffa53fc0000 - 0x00007ffa5405d000 	C:\Windows\System32\msvcp_win.dll
0x00007ffa540c0000 - 0x00007ffa540ef000 	C:\Windows\System32\IMM32.DLL
0x00007ffa42c80000 - 0x00007ffa42c8c000 	C:\Program Files\Java\jdk-23\bin\vcruntime140_1.dll
0x00007ffa32a90000 - 0x00007ffa32b1e000 	C:\Program Files\Java\jdk-23\bin\msvcp140.dll
0x00007ffa14ef0000 - 0x00007ffa15c40000 	C:\Program Files\Java\jdk-23\bin\server\jvm.dll
0x00007ffa55880000 - 0x00007ffa5592f000 	C:\Windows\System32\ADVAPI32.dll
0x00007ffa54be0000 - 0x00007ffa54c7f000 	C:\Windows\System32\sechost.dll
0x00007ffa55930000 - 0x00007ffa55a53000 	C:\Windows\System32\RPCRT4.dll
0x00007ffa53710000 - 0x00007ffa53737000 	C:\Windows\System32\bcrypt.dll
0x00007ffa54f70000 - 0x00007ffa54fdb000 	C:\Windows\System32\WS2_32.dll
0x00007ffa40c60000 - 0x00007ffa40c87000 	C:\Windows\SYSTEM32\WINMM.dll
0x00007ffa4bec0000 - 0x00007ffa4beca000 	C:\Windows\SYSTEM32\VERSION.dll
0x00007ffa534c0000 - 0x00007ffa5350b000 	C:\Windows\SYSTEM32\POWRPROF.dll
0x00007ffa534a0000 - 0x00007ffa534b2000 	C:\Windows\SYSTEM32\UMPDC.dll
0x00007ffa51f30000 - 0x00007ffa51f42000 	C:\Windows\SYSTEM32\kernel.appcore.dll
0x00007ffa42b90000 - 0x00007ffa42b9a000 	C:\Program Files\Java\jdk-23\bin\jimage.dll
0x00007ffa51490000 - 0x00007ffa51674000 	C:\Windows\SYSTEM32\DBGHELP.DLL
0x00007ffa330b0000 - 0x00007ffa330e4000 	C:\Windows\SYSTEM32\dbgcore.DLL
0x00007ffa53c30000 - 0x00007ffa53cb2000 	C:\Windows\System32\bcryptPrimitives.dll
0x00007ffa50600000 - 0x00007ffa5060f000 	C:\Program Files\Java\jdk-23\bin\instrument.dll
0x00007ffa41760000 - 0x00007ffa4177e000 	C:\Program Files\Java\jdk-23\bin\java.dll
0x00007ffa55a70000 - 0x00007ffa55b9b000 	C:\Windows\System32\ole32.dll
0x00007ffa54270000 - 0x00007ffa545c5000 	C:\Windows\System32\combase.dll
0x00007ffa550f0000 - 0x00007ffa5585d000 	C:\Windows\System32\SHELL32.dll
0x00007ffa51770000 - 0x00007ffa51f14000 	C:\Windows\SYSTEM32\windows.storage.dll
0x00007ffa53070000 - 0x00007ffa5309b000 	C:\Windows\SYSTEM32\Wldp.dll
0x00007ffa55ba0000 - 0x00007ffa55c6d000 	C:\Windows\System32\OLEAUT32.dll
0x00007ffa545d0000 - 0x00007ffa5467d000 	C:\Windows\System32\SHCORE.dll
0x00007ffa55fd0000 - 0x00007ffa56025000 	C:\Windows\System32\shlwapi.dll
0x00007ffa53640000 - 0x00007ffa53665000 	C:\Windows\SYSTEM32\profapi.dll
0x00007ffa24cf0000 - 0x00007ffa24dc7000 	C:\Program Files\Java\jdk-23\bin\jsvml.dll
0x00007ffa41070000 - 0x00007ffa41087000 	C:\Program Files\Java\jdk-23\bin\zip.dll
0x00007ffa42140000 - 0x00007ffa42150000 	C:\Program Files\Java\jdk-23\bin\net.dll
0x00007ffa52dd0000 - 0x00007ffa52e3c000 	C:\Windows\system32\mswsock.dll
0x00007ffa41740000 - 0x00007ffa41756000 	C:\Program Files\Java\jdk-23\bin\nio.dll
0x00007ffa41d10000 - 0x00007ffa41d19000 	C:\Program Files\Java\jdk-23\bin\extnet.dll
0x00007ffa4f8b0000 - 0x00007ffa4f8be000 	C:\Program Files\Java\jdk-23\bin\sunmscapi.dll
0x00007ffa53890000 - 0x00007ffa539ec000 	C:\Windows\System32\CRYPT32.dll
0x00007ffa530e0000 - 0x00007ffa53107000 	C:\Windows\SYSTEM32\ncrypt.dll
0x00007ffa530a0000 - 0x00007ffa530db000 	C:\Windows\SYSTEM32\NTASN1.dll

dbghelp: loaded successfully - version: 4.0.5 - missing functions: none
symbol engine: initialized successfully - sym options: 0x614 - pdb path: .;C:\Program Files\Java\jdk-23\bin;C:\Windows\SYSTEM32;C:\Windows\WinSxS\amd64_microsoft.windows.common-controls_6595b64144ccf1df_6.0.19041.4355_none_60b8b9eb71f62e16;C:\Program Files\Java\jdk-23\bin\server

VM Arguments:
jvm_args: -javaagent:C:\Program Files\JetBrains\IntelliJ IDEA Community Edition 2024.3.3\lib\idea_rt.jar=53149 -Dfile.encoding=UTF-8 -Dsun.stdout.encoding=UTF-8 -Dsun.stderr.encoding=UTF-8 
java_command: com.myecommerce.EcommerceApplication
java_class_path (initial): C:\Users\hp\Documents\JAVA\ecomFINALhopefully\ecommerceMERGED\ecommerceMERGED\ecommerceDTO\ecommerce\target\classes;C:\Users\hp\.m2\repository\org\springframework\boot\spring-boot-starter-integration\3.4.4\spring-boot-starter-integration-3.4.4.jar;C:\Users\hp\.m2\repository\org\springframework\boot\spring-boot-starter\3.4.4\spring-boot-starter-3.4.4.jar;C:\Users\hp\.m2\repository\org\springframework\boot\spring-boot\3.4.4\spring-boot-3.4.4.jar;C:\Users\hp\.m2\repository\org\springframework\boot\spring-boot-autoconfigure\3.4.4\spring-boot-autoconfigure-3.4.4.jar;C:\Users\hp\.m2\repository\org\springframework\boot\spring-boot-starter-logging\3.4.4\spring-boot-starter-logging-3.4.4.jar;C:\Users\hp\.m2\repository\ch\qos\logback\logback-classic\1.5.18\logback-classic-1.5.18.jar;C:\Users\hp\.m2\repository\ch\qos\logback\logback-core\1.5.18\logback-core-1.5.18.jar;C:\Users\hp\.m2\repository\org\apache\logging\log4j\log4j-to-slf4j\2.24.3\log4j-to-slf4j-2.24.3.jar;C:\Users\hp\.m2\repository\org\apache\logging\log4j\log4j-api\2.24.3\log4j-api-2.24.3.jar;C:\Users\hp\.m2\repository\org\slf4j\jul-to-slf4j\2.0.17\jul-to-slf4j-2.0.17.jar;C:\Users\hp\.m2\repository\jakarta\annotation\jakarta.annotation-api\2.1.1\jakarta.annotation-api-2.1.1.jar;C:\Users\hp\.m2\repository\org\yaml\snakeyaml\2.3\snakeyaml-2.3.jar;C:\Users\hp\.m2\repository\org\springframework\integration\spring-integration-core\6.4.3\spring-integration-core-6.4.3.jar;C:\Users\hp\.m2\repository\org\springframework\spring-tx\6.2.5\spring-tx-6.2.5.jar;C:\Users\hp\.m2\repository\org\springframework\retry\spring-retry\2.0.11\spring-retry-2.0.11.jar;C:\Users\hp\.m2\repository\io\projectreactor\reactor-core\3.7.4\reactor-core-3.7.4.jar;C:\Users\hp\.m2\repository\org\reactivestreams\reactive-streams\1.0.4\reactive-streams-1.0.4.jar;C:\Users\hp\.m2\repository\io\micrometer\micrometer-observation\1.14.5\micrometer-observation-1.14.5.jar;C:\Users\hp\.m2\repository\io\micrometer\micrometer-commons\1.14.5\micrometer-commons-1.14.5.jar;C:\Users\hp\.m2\repository\org\springframework\boot\spring-boot-starter-mail\3.4.4\spring-boot-starter-mail-3.4.4.jar;C:\Users\hp\.m2\repository\org\springframework\spring-context-support\6.2.5\spring-context-support-6.2.5.jar;C:\Users\hp\.m2\repository\org\eclipse\angus\jakarta.mail\2.0.3\jakarta.mail-2.0.3.jar;C:\Users\hp\.m2\repository\jakarta\activation\jakarta.activation-api\2.1.3\jakarta.activation-api-2.1.3.jar;C:\Users\hp\.m2\repository\org\eclipse\angus\angus-activation\2.0.2\angus-activation-2.0.2.jar;C:\Users\hp\.m2\repository\org\springframework\boot\spring-boot-starter-oauth2-resource-server\3.4.4\spring-boot-starter-oauth2-resource-server-3.4.4.jar;C:\Users\hp\.m2\repository\org\springframework\security\spring-security-core\6.4.4\spring-security-core-6.4.4.jar;C:\Users\hp\.m2\repository\org\springframework\security\spring-security-crypto\6.4.4\spring-security-crypto-6.4.4.jar;C:\Users\hp\.m2\repository\org\springframework\security\spring-security-oauth2-resource-server\6.4.4\spring-security-oauth2-resource-server-6.4.4.jar;C:\Users\hp\.m2\repository\org\springframework\security\spring-security-oauth2-core\6.4.4\spring-security-oauth2-core-6.4.4.jar;C:\Users\hp\.m2\repository\org\springframework\security\spring-security-oauth2-jose\6.4.4\spring-security-oauth2-jose-6.4.4.jar;C:\Users\hp\.m2\repository\com\nimbusds\nimbus-jose-jwt\9.37.3\nimbus-jose-jwt-9.37.3.jar;C:\Users\hp\.m2\repository\com\github\stephenc\jcip\jcip-annotations\1.0-1\jcip-annotations-1.0-1.jar;C:\Users\hp\.m2\repository\org\springframework\boot\spring-boot-starter-security\3.4.4\spring-boot-starter-security-3.4.4.jar;C:\Users\hp\.m2\repository\org\springframework\spring-aop\6.2.5\spring-aop-6.2.5.jar;C:\Users\hp\.m2\repository\org\springframework\security\spring-security-web\6.4.4\spring-security-web-6.4.4.jar;C:\Users\hp\.m2\repository\org\springframework\boot\spring-boot-starter-thymeleaf\3.4.4\spring-boot-starter-thymeleaf-3.4.4.jar;C:\Users\hp\.m2\repository\org\thymeleaf\thymeleaf-spring6\3.1.3.RELEASE\thymeleaf-spring6-3.1.3.RELEASE.jar;C:\Users\hp\.m2\repository\org\thymeleaf\thymeleaf\3.1.3.RELEASE\thymeleaf-3.1.3.RELEASE.jar;C:\Users\hp\.m2\repository\org\attoparser\attoparser\2.0.7.RELEASE\attoparser-2.0.7.RELEASE.jar;C:\Users\hp\.m2\repository\org\unbescape\unbescape\1.1.6.RELEASE\unbescape-1.1.6.RELEASE.jar;C:\Users\hp\.m2\repository\org\springframework\boot\spring-boot-starter-web\3.4.4\spring-boot-starter-web-3.4.4.jar;C:\Users\hp\.m2\repository\org\springframework\boot\spring-boot-starter-json\3.4.4\spring-boot-starter-json-3.4.4.jar;C:\Users\hp\.m2\repository\com\fasterxml\jackson\datatype\jackson-datatype-jdk8\2.18.3\jackson-datatype-jdk8-2.18.3.jar;C:\Users\hp\.m2\repository\com\fasterxml\jackson\datatype\jackson-datatype-jsr310\2.18.3\jackson-datatype-jsr310-2.18.3.jar;C:\Users\hp\.m2\repository\com\fasterxml\jackson\module\jackson-module-parameter-names\2.18.3\jackson-module-parameter-names-2.18.3.jar;C:\Users\hp\.m2\repository\org\springframework\boot\spring-boot-starter-tomcat\3.4.4\spring-boot-starter-tomcat-3.4.4.jar;C:\Users\hp\.m2\repository\org\apache\tomcat\embed\tomcat-embed-core\10.1.39\tomcat-embed-core-10.1.39.jar;C:\Users\hp\.m2\repository\org\apache\tomcat\embed\tomcat-embed-el\10.1.39\tomcat-embed-el-10.1.39.jar;C:\Users\hp\.m2\repository\org\apache\tomcat\embed\tomcat-embed-websocket\10.1.39\tomcat-embed-websocket-10.1.39.jar;C:\Users\hp\.m2\repository\org\springframework\spring-web\6.2.5\spring-web-6.2.5.jar;C:\Users\hp\.m2\repository\org\springframework\spring-webmvc\6.2.5\spring-webmvc-6.2.5.jar;C:\Users\hp\.m2\repository\org\springframework\boot\spring-boot-starter-data-jpa\3.4.4\spring-boot-starter-data-jpa-3.4.4.jar;C:\Users\hp\.m2\repository\org\springframework\boot\spring-boot-starter-jdbc\3.4.4\spring-boot-starter-jdbc-3.4.4.jar;C:\Users\hp\.m2\repository\com\zaxxer\HikariCP\5.1.0\HikariCP-5.1.0.jar;C:\Users\hp\.m2\repository\org\springframework\spring-jdbc\6.2.5\spring-jdbc-6.2.5.jar;C:\Users\hp\.m2\repository\org\hibernate\orm\hibernate-core\6.6.11.Final\hibernate-core-6.6.11.Final.jar;C:\Users\hp\.m2\repository\jakarta\persistence\jakarta.persistence-api\3.1.0\jakarta.persistence-api-3.1.0.jar;C:\Users\hp\.m2\repository\jakarta\transaction\jakarta.transaction-api\2.0.1\jakarta.transaction-api-2.0.1.jar;C:\Users\hp\.m2\repository\org\jboss\logging\jboss-logging\3.6.1.Final\jboss-logging-3.6.1.Final.jar;C:\Users\hp\.m2\repository\org\hibernate\common\hibernate-commons-annotations\7.0.3.Final\hibernate-commons-annotations-7.0.3.Final.jar;C:\Users\hp\.m2\repository\io\smallrye\jandex\3.2.0\jandex-3.2.0.jar;C:\Users\hp\.m2\repository\com\fasterxml\classmate\1.7.0\classmate-1.7.0.jar;C:\Users\hp\.m2\repository\net\bytebuddy\byte-buddy\1.15.11\byte-buddy-1.15.11.jar;C:\Users\hp\.m2\repository\org\glassfish\jaxb\jaxb-runtime\4.0.5\jaxb-runtime-4.0.5.jar;C:\Users\hp\.m2\repository\org\glassfish\jaxb\jaxb-core\4.0.5\jaxb-core-4.0.5.jar;C:\Users\hp\.m2\repository\org\glassfish\jaxb\txw2\4.0.5\txw2-4.0.5.jar;C:\Users\hp\.m2\repository\com\sun\istack\istack-commons-runtime\4.1.2\istack-commons-runtime-4.1.2.jar;C:\Users\hp\.m2\repository\jakarta\inject\jakarta.inject-api\2.0.1\jakarta.inject-api-2.0.1.jar;C:\Users\hp\.m2\repository\org\antlr\antlr4-runtime\4.13.0\antlr4-runtime-4.13.0.jar;C:\Users\hp\.m2\repository\org\springframework\data\spring-data-jpa\3.4.4\spring-data-jpa-3.4.4.jar;C:\Users\hp\.m2\repository\org\springframework\data\spring-data-commons\3.4.4\spring-data-commons-3.4.4.jar;C:\Users\hp\.m2\repository\org\springframework\spring-orm\6.2.5\spring-orm-6.2.5.jar;C:\Users\hp\.m2\repository\org\springframework\spring-aspects\6.2.5\spring-aspects-6.2.5.jar;C:\Users\hp\.m2\repository\org\aspectj\aspectjweaver\1.9.23\aspectjweaver-1.9.23.jar;C:\Users\hp\.m2\repository\jakarta\validation\jakarta.validation-api\3.0.2\jakarta.validation-api-3.0.2.jar;C:\Users\hp\.m2\repository\com\stripe\stripe-java\27.2.0-beta.2\stripe-java-27.2.0-beta.2.jar;C:\Users\hp\.m2\repository\com\google\code\gson\gson\2.11.0\gson-2.11.0.jar;C:\Users\hp\.m2\repository\com\google\errorprone\error_prone_annotations\2.27.0\error_prone_annotations-2.27.0.jar;C:\Users\hp\.m2\repository\com\fasterxml\jackson\core\jackson-databind\2.18.3\jackson-databind-2.18.3.jar;C:\Users\hp\.m2\repository\com\fasterxml\jackson\core\jackson-annotations\2.18.3\jackson-annotations-2.18.3.jar;C:\Users\hp\.m2\repository\com\fasterxml\jackson\core\jackson-core\2.18.3\jackson-core-2.18.3.jar;C:\Users\hp\.m2\repository\com\h2database\h2\2.3.232\h2-2.3.232.jar;C:\Users\hp\.m2\repository\com\mysql\mysql-connector-j\9.1.0\mysql-connector-j-9.1.0.jar;C:\Users\hp\.m2\repository\org\postgresql\postgresql\42.7.5\postgresql-42.7.5.jar;C:\Users\hp\.m2\repository\org\checkerframework\checker-qual\3.48.3\checker-qual-3.48.3.jar;C:\Users\hp\.m2\repository\org\mapstruct\mapstruct\1.5.2.Final\mapstruct-1.5.2.Final.jar;C:\Users\hp\.m2\repository\org\thymeleaf\extras\thymeleaf-extras-springsecurity6\3.1.3.RELEASE\thymeleaf-extras-springsecurity6-3.1.3.RELEASE.jar;C:\Users\hp\.m2\repository\org\slf4j\slf4j-api\2.0.17\slf4j-api-2.0.17.jar;C:\Users\hp\.m2\repository\org\springframework\security\spring-security-config\6.4.4\spring-security-config-6.4.4.jar;C:\Users\hp\.m2\repository\org\springframework\spring-beans\6.2.5\spring-beans-6.2.5.jar;C:\Users\hp\.m2\repository\org\springframework\spring-context\6.2.5\spring-context-6.2.5.jar;C:\Users\hp\.m2\repository\org\springframework\spring-core\6.2.5\spring-core-6.2.5.jar;C:\Users\hp\.m2\repository\org\springframework\spring-jcl\6.2.5\spring-jcl-6.2.5.jar;C:\Users\hp\.m2\repository\org\springframework\security\spring-security-messaging\6.4.4\spring-security-messaging-6.4.4.jar;C:\Users\hp\.m2\repository\org\springframework\spring-expression\6.2.5\spring-expression-6.2.5.jar;C:\Users\hp\.m2\repository\org\springframework\spring-messaging\6.2.5\spring-messaging-6.2.5.jar;C:\Users\hp\.m2\repository\org\projectlombok\lombok\1.18.36\lombok-1.18.36.jar;C:\Users\hp\.m2\repository\jakarta\xml\bind\jakarta.xml.bind-api\4.0.2\jakarta.xml.bind-api-4.0.2.jar
Launcher Type: SUN_STANDARD

[Global flags]
     intx CICompilerCount                          = 3                                         {product} {ergonomic}
     uint ConcGCThreads                            = 1                                         {product} {ergonomic}
     uint G1ConcRefinementThreads                  = 4                                         {product} {ergonomic}
   size_t G1HeapRegionSize                         = 1048576                                   {product} {ergonomic}
   size_t InitialHeapSize                          = 67108864                                  {product} {ergonomic}
   size_t MarkStackSize                            = 4194304                                   {product} {ergonomic}
   size_t MarkStackSizeMax                         = 536870912                                 {product} {ergonomic}
   size_t MaxHeapSize                              = 1050673152                                {product} {ergonomic}
   size_t MaxNewSize                               = 630194176                                 {product} {ergonomic}
   size_t MinHeapDeltaBytes                        = 1048576                                   {product} {ergonomic}
   size_t MinHeapSize                              = 8388608                                   {product} {ergonomic}
    uintx NonNMethodCodeHeapSize                   = 5832704                                {pd product} {ergonomic}
    uintx NonProfiledCodeHeapSize                  = 122945536                              {pd product} {ergonomic}
    uintx ProfiledCodeHeapSize                     = 122880000                              {pd product} {ergonomic}
    uintx ReservedCodeCacheSize                    = 251658240                              {pd product} {ergonomic}
     bool SegmentedCodeCache                       = true                                      {product} {ergonomic}
   size_t SoftMaxHeapSize                          = 1050673152                             {manageable} {ergonomic}
     bool UseCompressedOops                        = true                           {product lp64_product} {ergonomic}
     bool UseG1GC                                  = true                                      {product} {ergonomic}
     bool UseLargePagesIndividualAllocation        = false                                  {pd product} {ergonomic}

Logging:
Log output configuration:
 #0: stdout all=warning uptime,level,tags foldmultilines=false
 #1: stderr all=off uptime,level,tags foldmultilines=false

Environment Variables:
PATH=C:\Program Files\Common Files\Oracle\Java\javapath;C:\Windows\system32;C:\Windows;C:\Windows\System32\Wbem;C:\Windows\System32\WindowsPowerShell\v1.0\;C:\Windows\System32\OpenSSH\;C:\Program Files\dotnet\;C:\Program Files\MATLAB\R2024a\runtime\win64;C:\Program Files\MATLAB\R2024a\bin;C:\Program Files\Git\cmd;C:\Users\hp\AppData\Local\Programs\Python\Python312\Scripts\;C:\Users\hp\AppData\Local\Programs\Python\Python312\;C:\Users\hp\AppData\Local\Programs\Python\Launcher\;C:\Users\hp\AppData\Local\Microsoft\WindowsApps;C:\Users\hp\AppData\Local\Programs\Microsoft VS Code\bin;C:\Program Files\JetBrains\IntelliJ IDEA Community Edition 2024.3.3\bin;
USERNAME=hp
OS=Windows_NT
PROCESSOR_IDENTIFIER=Intel64 Family 6 Model 142 Stepping 10, GenuineIntel
TMP=C:\Users\hp\AppData\Local\Temp
TEMP=C:\Users\hp\AppData\Local\Temp




Periodic native trim disabled

---------------  S Y S T E M  ---------------

OS:
 Windows 10 , 64 bit Build 19041 (10.0.19041.5438)
OS uptime: 11 days 22:06 hours

CPU: total 4 (initial active 4) (2 cores per cpu, 2 threads per core) family 6 model 142 stepping 10 microcode 0xc6, cx8, cmov, fxsr, ht, mmx, 3dnowpref, sse, sse2, sse3, ssse3, sse4.1, sse4.2, popcnt, lzcnt, tsc, tscinvbit, avx, avx2, aes, erms, clmul, bmi1, bmi2, adx, fma, vzeroupper, clflush, clflushopt, rdtscp, f16c
Processor Information for processor 0
  Max Mhz: 2208, Current Mhz: 2208, Mhz Limit: 2208
Processor Information for processor 1
  Max Mhz: 2208, Current Mhz: 1405, Mhz Limit: 2208
Processor Information for processor 2
  Max Mhz: 2208, Current Mhz: 2208, Mhz Limit: 2208
Processor Information for processor 3
  Max Mhz: 2208, Current Mhz: 1405, Mhz Limit: 2208

Memory: 4k page, system-wide physical 4001M (348M free)
TotalPageFile size 8097M (AvailPageFile size 5M)
current process WorkingSet (physical memory assigned to process): 177M, peak: 180M
current process commit charge ("private bytes"): 220M, peak: 222M

vm_info: Java HotSpot(TM) 64-Bit Server VM (23.0.2+7-58) for windows-amd64 JRE (23.0.2+7-58), built on 2024-11-29T09:34:55Z with MS VC++ 17.6 (VS2022)

END.
